Log file open, 12/29/19 18:08:36
LogWindows: Failed to load 'aqProf.dll' (GetLastError=126)
LogWindows: File 'aqProf.dll' does not exist
LogWindows: Failed to load 'VtuneApi.dll' (GetLastError=126)
LogWindows: File 'VtuneApi.dll' does not exist
LogWindows: Failed to load 'VtuneApi32e.dll' (GetLastError=126)
LogWindows: File 'VtuneApi32e.dll' does not exist
LogConsoleResponse: Display: Failed to find resolution value strings in scalability ini. Falling back to default.
LogInit: Display: Running engine for game: Sugun
LogPlatformFile: Not using cached read wrapper
LogTaskGraph: Started task graph with 5 named threads and 14 total threads with 3 sets of task threads.
LogStats: Stats thread started at 0.095833
LogD3D11RHI: Loaded GFSDK_Aftermath_Lib.x64.dll
LogICUInternationalization: ICU TimeZone Detection - Raw Offset: +3:00, Platform Override: ''
LogPluginManager: Mounting plugin Paper2D
LogPluginManager: Mounting plugin AISupport
LogPluginManager: Mounting plugin LightPropagationVolume
LogPluginManager: Mounting plugin ActorLayerUtilities
LogPluginManager: Mounting plugin AnimationSharing
LogPluginManager: Mounting plugin CLionSourceCodeAccess
LogPluginManager: Mounting plugin CodeLiteSourceCodeAccess
LogPluginManager: Mounting plugin GitSourceControl
LogPluginManager: Mounting plugin KDevelopSourceCodeAccess
LogPluginManager: Mounting plugin NullSourceCodeAccess
LogPluginManager: Mounting plugin PerforceSourceControl
LogPluginManager: Mounting plugin PlasticSourceControl
LogPluginManager: Mounting plugin SubversionSourceControl
LogPluginManager: Mounting plugin UObjectPlugin
LogPluginManager: Mounting plugin VisualStudioCodeSourceCodeAccess
LogPluginManager: Mounting plugin VisualStudioSourceCodeAccess
LogPluginManager: Mounting plugin XCodeSourceCodeAccess
LogPluginManager: Mounting plugin AssetManagerEditor
LogPluginManager: Mounting plugin CryptoKeys
LogPluginManager: Mounting plugin CurveEditorTools
LogPluginManager: Mounting plugin DataValidation
LogPluginManager: Mounting plugin FacialAnimation
LogPluginManager: Mounting plugin GameplayTagsEditor
LogPluginManager: Mounting plugin MacGraphicsSwitching
LogPluginManager: Mounting plugin MaterialAnalyzer
LogPluginManager: Mounting plugin MobileLauncherProfileWizard
LogPluginManager: Mounting plugin PluginBrowser
LogPluginManager: Mounting plugin SpeedTreeImporter
LogPluginManager: Mounting plugin DatasmithContent
LogPluginManager: Mounting plugin VariantManagerContent
LogPluginManager: Mounting plugin AlembicImporter
LogPluginManager: Mounting plugin AutomationUtils
LogPluginManager: Mounting plugin BackChannel
LogPluginManager: Mounting plugin CharacterAI
LogPluginManager: Mounting plugin GeometryCache
LogPluginManager: Mounting plugin PlatformCrypto
LogPluginManager: Mounting plugin ProxyLODPlugin
LogPluginManager: Mounting plugin SkeletalReduction
LogPluginManager: Mounting plugin MagicLeap
LogPluginManager: Mounting plugin MagicLeapMedia
LogPluginManager: Mounting plugin MLSDK
LogPluginManager: Mounting plugin AndroidMedia
LogPluginManager: Mounting plugin AvfMedia
LogPluginManager: Mounting plugin ImgMedia
LogPluginManager: Mounting plugin MediaCompositing
LogPluginManager: Mounting plugin MediaPlayerEditor
LogPluginManager: Mounting plugin WebMMedia
LogPluginManager: Mounting plugin WmfMedia
LogPluginManager: Mounting plugin TcpMessaging
LogPluginManager: Mounting plugin UdpMessaging
LogPluginManager: Mounting plugin ActorSequence
LogPluginManager: Mounting plugin LevelSequenceEditor
LogPluginManager: Mounting plugin MatineeToLevelSequence
LogPluginManager: Mounting plugin NetcodeUnitTest
LogPluginManager: Mounting plugin NUTUnrealEngine4
LogPluginManager: Mounting plugin OnlineSubsystemGooglePlay
LogPluginManager: Mounting plugin OnlineSubsystemIOS
LogPluginManager: Mounting plugin OnlineSubsystem
LogPluginManager: Mounting plugin OnlineSubsystemNull
LogPluginManager: Mounting plugin OnlineSubsystemUtils
LogPluginManager: Mounting plugin LauncherChunkInstaller
LogPluginManager: Mounting plugin AndroidDeviceProfileSelector
LogPluginManager: Mounting plugin AndroidMoviePlayer
LogPluginManager: Mounting plugin AndroidPermission
LogPluginManager: Mounting plugin AppleImageUtils
LogPluginManager: Mounting plugin AppleMoviePlayer
LogPluginManager: Mounting plugin ArchVisCharacter
LogPluginManager: Mounting plugin AssetTags
LogPluginManager: Mounting plugin AudioCapture
LogPluginManager: Mounting plugin CableComponent
LogPluginManager: Mounting plugin CustomMeshComponent
LogPluginManager: Mounting plugin EditableMesh
LogPluginManager: Mounting plugin ExampleDeviceProfileSelector
LogPluginManager: Mounting plugin GoogleCloudMessaging
LogPluginManager: Mounting plugin IOSDeviceProfileSelector
LogPluginManager: Mounting plugin LinuxDeviceProfileSelector
LogPluginManager: Mounting plugin LocationServicesBPLibrary
LogPluginManager: Mounting plugin MobilePatchingUtils
LogPluginManager: Mounting plugin OculusVR
LogPluginManager: Mounting plugin PhysXVehicles
LogPluginManager: Mounting plugin PostSplashScreen
LogPluginManager: Mounting plugin ProceduralMeshComponent
LogPluginManager: Mounting plugin RuntimePhysXCooking
LogPluginManager: Mounting plugin SignificanceManager
LogPluginManager: Mounting plugin SteamVR
LogPluginManager: Mounting plugin WebMMoviePlayer
LogPluginManager: Mounting plugin WindowsMoviePlayer
LogPluginManager: Mounting plugin ScreenshotTools
LogInit: Using libcurl 7.55.1-DEV
LogInit:  - built for x86_64-pc-win32
LogInit:  - supports SSL with OpenSSL/1.1.1
LogInit:  - supports HTTP deflate (compression) using libz 1.2.8
LogInit:  - other features:
LogInit:      CURL_VERSION_SSL
LogInit:      CURL_VERSION_LIBZ
LogInit:      CURL_VERSION_IPV6
LogInit:      CURL_VERSION_ASYNCHDNS
LogInit:      CURL_VERSION_LARGEFILE
LogInit:      CURL_VERSION_IDN
LogInit:  CurlRequestOptions (configurable via config and command line):
LogInit:  - bVerifyPeer = true  - Libcurl will verify peer certificate
LogInit:  - bUseHttpProxy = false  - Libcurl will NOT use HTTP proxy
LogInit:  - bDontReuseConnections = false  - Libcurl will reuse connections
LogInit:  - MaxHostConnections = 16  - Libcurl will limit the number of connections to a host
LogInit:  - LocalHostAddr = Default
LogInit:  - BufferSize = 65536
LogOnline: OSS: Creating online subsystem instance for: NULL
LogInit: WinSock: version 1.1 (2.2), MaxSocks=32767, MaxUdp=65467
LogOnline: OSS: TryLoadSubsystemAndSetDefault: Loaded subsystem for module [NULL]
LogInit: Build: ++UE4+Release-4.24-CL-10757647
LogInit: Engine Version: 4.24.1-10757647+++UE4+Release-4.24
LogInit: Compatible Engine Version: 4.24.0-10570792+++UE4+Release-4.24
LogInit: Net CL: 10570792
LogInit: OS: Windows 10 (Release 1909) (), CPU: AMD Ryzen 3 2200G with Radeon Vega Graphics    , GPU: NVIDIA GeForce GTX 1050
LogInit: Compiled (64-bit): Dec 17 2019 02:08:03
LogInit: Compiled with Visual C++: 19.16.27032.01
LogInit: Build Configuration: Development
LogInit: Branch Name: ++UE4+Release-4.24
LogInit: Command Line:  -EpicPortal -epicusername=ipipos56 -epicuserid=844f6f4c2fde4759982d8e333d137105 -epiclocale=ru-RU
LogInit: Base Directory: C:/Program Files/Epic Games/UE_4.24/Engine/Binaries/Win64/
LogInit: Installed Engine Build: 1
LogDevObjectVersion: Number of dev versions registered: 25
LogDevObjectVersion:   Dev-Blueprints (B0D832E4-1F89-4F0D-ACCF-7EB736FD4AA2): 10
LogDevObjectVersion:   Dev-Build (E1C64328-A22C-4D53-A36C-8E866417BD8C): 0
LogDevObjectVersion:   Dev-Core (375EC13C-06E4-48FB-B500-84F0262A717E): 3
LogDevObjectVersion:   Dev-Editor (E4B068ED-F494-42E9-A231-DA0B2E46BB41): 37
LogDevObjectVersion:   Dev-Framework (CFFC743F-43B0-4480-9391-14DF171D2073): 36
LogDevObjectVersion:   Dev-Mobile (B02B49B5-BB20-44E9-A304-32B752E40360): 2
LogDevObjectVersion:   Dev-Networking (A4E4105C-59A1-49B5-A7C5-40C4547EDFEE): 0
LogDevObjectVersion:   Dev-Online (39C831C9-5AE6-47DC-9A44-9C173E1C8E7C): 0
LogDevObjectVersion:   Dev-Physics (78F01B33-EBEA-4F98-B9B4-84EACCB95AA2): 2
LogDevObjectVersion:   Dev-Platform (6631380F-2D4D-43E0-8009-CF276956A95A): 0
LogDevObjectVersion:   Dev-Rendering (12F88B9F-8875-4AFC-A67C-D90C383ABD29): 36
LogDevObjectVersion:   Dev-Sequencer (7B5AE74C-D270-4C10-A958-57980B212A5A): 11
LogDevObjectVersion:   Dev-VR (D7296918-1DD6-4BDD-9DE2-64A83CC13884): 2
LogDevObjectVersion:   Dev-LoadTimes (C2A15278-BFE7-4AFE-6C17-90FF531DF755): 1
LogDevObjectVersion:   Private-Geometry (6EACA3D4-40EC-4CC1-B786-8BED09428FC5): 3
LogDevObjectVersion:   Dev-AnimPhys (29E575DD-E0A3-4627-9D10-D276232CDCEA): 17
LogDevObjectVersion:   Dev-Anim (AF43A65D-7FD3-4947-9873-3E8ED9C1BB05): 2
LogDevObjectVersion:   Dev-ReflectionCapture (6B266CEC-1EC7-4B8F-A30B-E4D90942FC07): 1
LogDevObjectVersion:   Dev-Automation (0DF73D61-A23F-47EA-B727-89E90C41499A): 1
LogDevObjectVersion:   FortniteMain (601D1886-AC64-4F84-AA16-D3DE0DEAC7D6): 31
LogDevObjectVersion:   Dev-Enterprise (9DFFBCD6-494F-0158-E221-12823C92A888): 8
LogDevObjectVersion:   Dev-Niagara (F2AED0AC-9AFE-416F-8664-AA7FFA26D6FC): 1
LogDevObjectVersion:   Dev-Destruction (174F1F0B-B4C6-45A5-B13F-2EE8D0FB917D): 9
LogDevObjectVersion:   Dev-Physics-Ext (35F94A83-E258-406C-A318-09F59610247C): 8
LogDevObjectVersion:   Dev-CineCamera (B2E18506-4273-CFC2-A54E-F4BB758BBA07): 1
LogInit: Presizing for max 25165824 objects, including 0 objects not considered by GC, pre-allocating 0 bytes for permanent pool.
LogInit: Object subsystem initialized
LogConfig: Setting CVar [[con.DebugEarlyDefault:1]]
LogConfig: Setting CVar [[r.setres:1280x720]]
[2019.12.29-15.08.36:995][  0]LogConfig: Setting CVar [[r.VSync:0]]
[2019.12.29-15.08.36:995][  0]LogConfig: Setting CVar [[r.RHICmdBypass:0]]
[2019.12.29-15.08.36:995][  0]LogConfig: Applying CVar settings from Section [/Script/Engine.RendererSettings] File [C:/Users/ipipos56/Desktop/Sugun/Sugun/Saved/Config/Windows/Engine.ini]
[2019.12.29-15.08.36:995][  0]LogConfig: Setting CVar [[r.GPUCrashDebugging:0]]
[2019.12.29-15.08.36:995][  0]LogConfig: Applying CVar settings from Section [/Script/Engine.RendererOverrideSettings] File [C:/Users/ipipos56/Desktop/Sugun/Sugun/Saved/Config/Windows/Engine.ini]
[2019.12.29-15.08.36:995][  0]LogConfig: Applying CVar settings from Section [/Script/Engine.StreamingSettings] File [C:/Users/ipipos56/Desktop/Sugun/Sugun/Saved/Config/Windows/Engine.ini]
[2019.12.29-15.08.36:995][  0]LogConfig: Setting CVar [[s.MinBulkDataSizeForAsyncLoading:131072]]
[2019.12.29-15.08.36:995][  0]LogConfig: Setting CVar [[s.AsyncLoadingThreadEnabled:0]]
[2019.12.29-15.08.36:995][  0]LogConfig: Setting CVar [[s.EventDrivenLoaderEnabled:1]]
[2019.12.29-15.08.36:995][  0]LogConfig: Setting CVar [[s.WarnIfTimeLimitExceeded:0]]
[2019.12.29-15.08.36:995][  0]LogConfig: Setting CVar [[s.TimeLimitExceededMultiplier:1.5]]
[2019.12.29-15.08.36:995][  0]LogConfig: Setting CVar [[s.TimeLimitExceededMinTime:0.005]]
[2019.12.29-15.08.36:995][  0]LogConfig: Setting CVar [[s.UseBackgroundLevelStreaming:1]]
[2019.12.29-15.08.36:995][  0]LogConfig: Setting CVar [[s.PriorityAsyncLoadingExtraTime:15.0]]
[2019.12.29-15.08.36:995][  0]LogConfig: Setting CVar [[s.LevelStreamingActorsUpdateTimeLimit:5.0]]
[2019.12.29-15.08.36:995][  0]LogConfig: Setting CVar [[s.PriorityLevelStreamingActorsUpdateExtraTime:5.0]]
[2019.12.29-15.08.36:995][  0]LogConfig: Setting CVar [[s.LevelStreamingComponentsRegistrationGranularity:10]]
[2019.12.29-15.08.36:995][  0]LogConfig: Setting CVar [[s.UnregisterComponentsTimeLimit:1.0]]
[2019.12.29-15.08.36:995][  0]LogConfig: Setting CVar [[s.LevelStreamingComponentsUnregistrationGranularity:5]]
[2019.12.29-15.08.36:995][  0]LogConfig: Setting CVar [[s.FlushStreamingOnExit:1]]
[2019.12.29-15.08.36:995][  0]LogConfig: Applying CVar settings from Section [/Script/Engine.GarbageCollectionSettings] File [C:/Users/ipipos56/Desktop/Sugun/Sugun/Saved/Config/Windows/Engine.ini]
[2019.12.29-15.08.36:995][  0]LogConfig: Setting CVar [[gc.MaxObjectsNotConsideredByGC:1]]
[2019.12.29-15.08.36:995][  0]LogConfig: Setting CVar [[gc.SizeOfPermanentObjectPool:0]]
[2019.12.29-15.08.36:995][  0]LogConfig: Setting CVar [[gc.FlushStreamingOnGC:0]]
[2019.12.29-15.08.36:995][  0]LogConfig: Setting CVar [[gc.NumRetriesBeforeForcingGC:10]]
[2019.12.29-15.08.36:995][  0]LogConfig: Setting CVar [[gc.AllowParallelGC:1]]
[2019.12.29-15.08.36:995][  0]LogConfig: Setting CVar [[gc.TimeBetweenPurgingPendingKillObjects:61.1]]
[2019.12.29-15.08.36:995][  0]LogConfig: Setting CVar [[gc.MaxObjectsInEditor:25165824]]
[2019.12.29-15.08.36:995][  0]LogConfig: Setting CVar [[gc.IncrementalBeginDestroyEnabled:1]]
[2019.12.29-15.08.36:995][  0]LogConfig: Setting CVar [[gc.CreateGCClusters:1]]
[2019.12.29-15.08.36:995][  0]LogConfig: Setting CVar [[gc.MinGCClusterSize:5]]
[2019.12.29-15.08.36:995][  0]LogConfig: Setting CVar [[gc.ActorClusteringEnabled:0]]
[2019.12.29-15.08.36:995][  0]LogConfig: Setting CVar [[gc.BlueprintClusteringEnabled:0]]
[2019.12.29-15.08.36:995][  0]LogConfig: Setting CVar [[gc.UseDisregardForGCOnDedicatedServers:0]]
[2019.12.29-15.08.36:995][  0]LogConfig: Applying CVar settings from Section [/Script/Engine.NetworkSettings] File [C:/Users/ipipos56/Desktop/Sugun/Sugun/Saved/Config/Windows/Engine.ini]
[2019.12.29-15.08.36:995][  0]LogConfig: Applying CVar settings from Section [/Script/UnrealEd.CookerSettings] File [C:/Users/ipipos56/Desktop/Sugun/Sugun/Saved/Config/Windows/Engine.ini]
[2019.12.29-15.08.36:998][  0]LogConfig: Applying CVar settings from Section [ViewDistanceQuality@3] File [C:/Users/ipipos56/Desktop/Sugun/Sugun/Saved/Config/Windows/Scalability.ini]
[2019.12.29-15.08.36:998][  0]LogConfig: Setting CVar [[r.SkeletalMeshLODBias:0]]
[2019.12.29-15.08.36:998][  0]LogConfig: Setting CVar [[r.ViewDistanceScale:1.0]]
[2019.12.29-15.08.36:998][  0]LogConfig: Applying CVar settings from Section [AntiAliasingQuality@3] File [C:/Users/ipipos56/Desktop/Sugun/Sugun/Saved/Config/Windows/Scalability.ini]
[2019.12.29-15.08.36:998][  0]LogConfig: Setting CVar [[r.PostProcessAAQuality:4]]
[2019.12.29-15.08.36:998][  0]LogConfig: Applying CVar settings from Section [ShadowQuality@3] File [C:/Users/ipipos56/Desktop/Sugun/Sugun/Saved/Config/Windows/Scalability.ini]
[2019.12.29-15.08.36:998][  0]LogConfig: Setting CVar [[r.LightFunctionQuality:1]]
[2019.12.29-15.08.36:998][  0]LogConfig: Setting CVar [[r.ShadowQuality:5]]
[2019.12.29-15.08.36:998][  0]LogConfig: Setting CVar [[r.Shadow.CSM.MaxCascades:10]]
[2019.12.29-15.08.36:998][  0]LogConfig: Setting CVar [[r.Shadow.MaxResolution:2048]]
[2019.12.29-15.08.36:998][  0]LogConfig: Setting CVar [[r.Shadow.MaxCSMResolution:2048]]
[2019.12.29-15.08.36:998][  0]LogConfig: Setting CVar [[r.Shadow.RadiusThreshold:0.01]]
[2019.12.29-15.08.36:998][  0]LogConfig: Setting CVar [[r.Shadow.DistanceScale:1.0]]
[2019.12.29-15.08.36:998][  0]LogConfig: Setting CVar [[r.Shadow.CSM.TransitionScale:1.0]]
[2019.12.29-15.08.36:998][  0]LogConfig: Setting CVar [[r.Shadow.PreShadowResolutionFactor:1.0]]
[2019.12.29-15.08.36:998][  0]LogConfig: Setting CVar [[r.DistanceFieldShadowing:1]]
[2019.12.29-15.08.36:998][  0]LogConfig: Setting CVar [[r.DistanceFieldAO:1]]
[2019.12.29-15.08.36:998][  0]LogConfig: Setting CVar [[r.AOQuality:2]]
[2019.12.29-15.08.36:998][  0]LogConfig: Setting CVar [[r.VolumetricFog:1]]
[2019.12.29-15.08.36:998][  0]LogConfig: Setting CVar [[r.VolumetricFog.GridPixelSize:8]]
[2019.12.29-15.08.36:998][  0]LogConfig: Setting CVar [[r.VolumetricFog.GridSizeZ:128]]
[2019.12.29-15.08.36:998][  0]LogConfig: Setting CVar [[r.VolumetricFog.HistoryMissSupersampleCount:4]]
[2019.12.29-15.08.36:998][  0]LogConfig: Setting CVar [[r.LightMaxDrawDistanceScale:1]]
[2019.12.29-15.08.36:998][  0]LogConfig: Setting CVar [[r.CapsuleShadows:1]]
[2019.12.29-15.08.36:998][  0]LogConfig: Applying CVar settings from Section [PostProcessQuality@3] File [C:/Users/ipipos56/Desktop/Sugun/Sugun/Saved/Config/Windows/Scalability.ini]
[2019.12.29-15.08.36:998][  0]LogConfig: Setting CVar [[r.MotionBlurQuality:4]]
[2019.12.29-15.08.36:998][  0]LogConfig: Setting CVar [[r.AmbientOcclusionMipLevelFactor:0.4]]
[2019.12.29-15.08.36:998][  0]LogConfig: Setting CVar [[r.AmbientOcclusionMaxQuality:100]]
[2019.12.29-15.08.36:998][  0]LogConfig: Setting CVar [[r.AmbientOcclusionLevels:-1]]
[2019.12.29-15.08.36:998][  0]LogConfig: Setting CVar [[r.AmbientOcclusionRadiusScale:1.0]]
[2019.12.29-15.08.36:998][  0]LogConfig: Setting CVar [[r.DepthOfFieldQuality:2]]
[2019.12.29-15.08.36:998][  0]LogConfig: Setting CVar [[r.RenderTargetPoolMin:400]]
[2019.12.29-15.08.36:998][  0]LogConfig: Setting CVar [[r.LensFlareQuality:2]]
[2019.12.29-15.08.36:998][  0]LogConfig: Setting CVar [[r.SceneColorFringeQuality:1]]
[2019.12.29-15.08.36:998][  0]LogConfig: Setting CVar [[r.EyeAdaptationQuality:2]]
[2019.12.29-15.08.36:998][  0]LogConfig: Setting CVar [[r.BloomQuality:5]]
[2019.12.29-15.08.36:998][  0]LogConfig: Setting CVar [[r.FastBlurThreshold:100]]
[2019.12.29-15.08.36:998][  0]LogConfig: Setting CVar [[r.Upscale.Quality:3]]
[2019.12.29-15.08.36:998][  0]LogConfig: Setting CVar [[r.Tonemapper.GrainQuantization:1]]
[2019.12.29-15.08.36:998][  0]LogConfig: Setting CVar [[r.LightShaftQuality:1]]
[2019.12.29-15.08.36:998][  0]LogConfig: Setting CVar [[r.Filter.SizeScale:1]]
[2019.12.29-15.08.36:998][  0]LogConfig: Setting CVar [[r.Tonemapper.Quality:5]]
[2019.12.29-15.08.36:998][  0]LogConfig: Setting CVar [[r.DOF.Gather.AccumulatorQuality:1        ; higher gathering accumulator quality]]
[2019.12.29-15.08.36:998][  0]LogConfig: Setting CVar [[r.DOF.Gather.PostfilterMethod:1          ; Median3x3 postfilering method]]
[2019.12.29-15.08.36:998][  0]LogConfig: Setting CVar [[r.DOF.Gather.EnableBokehSettings:0       ; no bokeh simulation when gathering]]
[2019.12.29-15.08.36:998][  0]LogConfig: Setting CVar [[r.DOF.Gather.RingCount:4                 ; medium number of samples when gathering]]
[2019.12.29-15.08.36:998][  0]LogConfig: Setting CVar [[r.DOF.Scatter.ForegroundCompositing:1    ; additive foreground scattering]]
[2019.12.29-15.08.36:998][  0]LogConfig: Setting CVar [[r.DOF.Scatter.BackgroundCompositing:2    ; additive background scattering]]
[2019.12.29-15.08.36:999][  0]LogConfig: Setting CVar [[r.DOF.Scatter.EnableBokehSettings:1      ; bokeh simulation when scattering]]
[2019.12.29-15.08.36:999][  0]LogConfig: Setting CVar [[r.DOF.Scatter.MaxSpriteRatio:0.1         ; only a maximum of 10% of scattered bokeh]]
[2019.12.29-15.08.36:999][  0]LogConfig: Setting CVar [[r.DOF.Recombine.Quality:1                ; cheap slight out of focus]]
[2019.12.29-15.08.36:999][  0]LogConfig: Setting CVar [[r.DOF.Recombine.EnableBokehSettings:0    ; no bokeh simulation on slight out of focus]]
[2019.12.29-15.08.36:999][  0]LogConfig: Setting CVar [[r.DOF.TemporalAAQuality:1                ; more stable temporal accumulation]]
[2019.12.29-15.08.36:999][  0]LogConfig: Setting CVar [[r.DOF.Kernel.MaxForegroundRadius:0.025]]
[2019.12.29-15.08.36:999][  0]LogConfig: Setting CVar [[r.DOF.Kernel.MaxBackgroundRadius:0.025]]
[2019.12.29-15.08.36:999][  0]LogConfig: Applying CVar settings from Section [TextureQuality@3] File [C:/Users/ipipos56/Desktop/Sugun/Sugun/Saved/Config/Windows/Scalability.ini]
[2019.12.29-15.08.36:999][  0]LogConfig: Setting CVar [[r.Streaming.MipBias:0]]
[2019.12.29-15.08.36:999][  0]LogConfig: Setting CVar [[r.Streaming.AmortizeCPUToGPUCopy:0]]
[2019.12.29-15.08.36:999][  0]LogConfig: Setting CVar [[r.Streaming.MaxNumTexturesToStreamPerFrame:0]]
[2019.12.29-15.08.36:999][  0]LogConfig: Setting CVar [[r.Streaming.Boost:1]]
[2019.12.29-15.08.36:999][  0]LogConfig: Setting CVar [[r.MaxAnisotropy:8]]
[2019.12.29-15.08.36:999][  0]LogConfig: Setting CVar [[r.VT.MaxAnisotropy:8]]
[2019.12.29-15.08.36:999][  0]LogConfig: Setting CVar [[r.Streaming.LimitPoolSizeToVRAM:0]]
[2019.12.29-15.08.36:999][  0]LogConfig: Setting CVar [[r.Streaming.PoolSize:1000]]
[2019.12.29-15.08.36:999][  0]LogConfig: Setting CVar [[r.Streaming.MaxEffectiveScreenSize:0]]
[2019.12.29-15.08.36:999][  0]LogConfig: Applying CVar settings from Section [EffectsQuality@3] File [C:/Users/ipipos56/Desktop/Sugun/Sugun/Saved/Config/Windows/Scalability.ini]
[2019.12.29-15.08.36:999][  0]LogConfig: Setting CVar [[r.TranslucencyLightingVolumeDim:64]]
[2019.12.29-15.08.36:999][  0]LogConfig: Setting CVar [[r.RefractionQuality:2]]
[2019.12.29-15.08.36:999][  0]LogConfig: Setting CVar [[r.SSR.Quality:3]]
[2019.12.29-15.08.36:999][  0]LogConfig: Setting CVar [[r.SSR.HalfResSceneColor:0]]
[2019.12.29-15.08.36:999][  0]LogConfig: Setting CVar [[r.SceneColorFormat:4]]
[2019.12.29-15.08.36:999][  0]LogConfig: Setting CVar [[r.DetailMode:2]]
[2019.12.29-15.08.36:999][  0]LogConfig: Setting CVar [[r.TranslucencyVolumeBlur:1]]
[2019.12.29-15.08.36:999][  0]LogConfig: Setting CVar [[r.MaterialQualityLevel:1 ; High quality]]
[2019.12.29-15.08.36:999][  0]LogConfig: Setting CVar [[r.SSS.Scale:1]]
[2019.12.29-15.08.36:999][  0]LogConfig: Setting CVar [[r.SSS.SampleSet:2]]
[2019.12.29-15.08.36:999][  0]LogConfig: Setting CVar [[r.SSS.Quality:1]]
[2019.12.29-15.08.36:999][  0]LogConfig: Setting CVar [[r.SSS.HalfRes:1]]
[2019.12.29-15.08.36:999][  0]LogConfig: Setting CVar [[r.SSGI.Quality:3]]
[2019.12.29-15.08.36:999][  0]LogConfig: Setting CVar [[r.EmitterSpawnRateScale:1.0]]
[2019.12.29-15.08.36:999][  0]LogConfig: Setting CVar [[r.ParticleLightQuality:2]]
[2019.12.29-15.08.36:999][  0]LogConfig: Setting CVar [[r.SkyAtmosphere.AerialPerspectiveLUT.FastApplyOnOpaque:1 ; Always have FastSkyLUT 1 in this case to avoid wrong sky]]
[2019.12.29-15.08.36:999][  0]LogConfig: Setting CVar [[r.SkyAtmosphere.AerialPerspectiveLUT.SampleCountPerSlice:1]]
[2019.12.29-15.08.36:999][  0]LogConfig: Setting CVar [[r.SkyAtmosphere.AerialPerspectiveLUT.DepthResolution:16.0]]
[2019.12.29-15.08.36:999][  0]LogConfig: Setting CVar [[r.SkyAtmosphere.FastSkyLUT:1]]
[2019.12.29-15.08.36:999][  0]LogConfig: Setting CVar [[r.SkyAtmosphere.FastSkyLUT.SampleCountMin:4.0]]
[2019.12.29-15.08.36:999][  0]LogConfig: Setting CVar [[r.SkyAtmosphere.FastSkyLUT.SampleCountMax:32.0]]
[2019.12.29-15.08.36:999][  0]LogConfig: Setting CVar [[r.SkyAtmosphere.SampleCountMin:4.0]]
[2019.12.29-15.08.36:999][  0]LogConfig: Setting CVar [[r.SkyAtmosphere.SampleCountMax:32.0]]
[2019.12.29-15.08.36:999][  0]LogConfig: Setting CVar [[r.SkyAtmosphere.TransmittanceLUT.UseSmallFormat:0]]
[2019.12.29-15.08.36:999][  0]LogConfig: Setting CVar [[r.SkyAtmosphere.TransmittanceLUT.SampleCount:10.0]]
[2019.12.29-15.08.36:999][  0]LogConfig: Setting CVar [[r.SkyAtmosphere.MultiScatteringLUT.SampleCount:15.0]]
[2019.12.29-15.08.36:999][  0]LogConfig: Applying CVar settings from Section [FoliageQuality@3] File [C:/Users/ipipos56/Desktop/Sugun/Sugun/Saved/Config/Windows/Scalability.ini]
[2019.12.29-15.08.36:999][  0]LogConfig: Setting CVar [[foliage.DensityScale:1.0]]
[2019.12.29-15.08.36:999][  0]LogConfig: Setting CVar [[grass.DensityScale:1.0]]
[2019.12.29-15.08.36:999][  0]LogConfig: Applying CVar settings from Section [ShadingQuality@3] File [C:/Users/ipipos56/Desktop/Sugun/Sugun/Saved/Config/Windows/Scalability.ini]
[2019.12.29-15.08.36:999][  0]LogConfig: Setting CVar [[r.HairStrands.SkyLighting.SampleCount:16]]
[2019.12.29-15.08.36:999][  0]LogConfig: Setting CVar [[r.HairStrands.SkyLighting.JitterIntegration:0]]
[2019.12.29-15.08.36:999][  0]LogConfig: Setting CVar [[r.HairStrands.SkyAO.SampleCount:16]]
[2019.12.29-15.08.36:999][  0]LogInit: Selected Device Profile: [Windows]
[2019.12.29-15.08.36:999][  0]LogInit: Applying CVar settings loaded from the selected device profile: [Windows]
[2019.12.29-15.08.37:003][  0]LogHAL: Display: Platform has ~ 8 GB [8516567040 / 8589934592 / 8], which maps to Default [LargestMinGB=32, LargerMinGB=12, DefaultMinGB=8, SmallerMinGB=6, SmallestMinGB=0)
[2019.12.29-15.08.37:003][  0]LogInit: Going up to parent DeviceProfile []
[2019.12.29-15.08.37:003][  0]LogConfig: Applying CVar settings from Section [ViewDistanceQuality@3] File [C:/Users/ipipos56/Desktop/Sugun/Sugun/Saved/Config/Windows/Scalability.ini]
[2019.12.29-15.08.37:003][  0]LogConfig: Setting CVar [[r.SkeletalMeshLODBias:0]]
[2019.12.29-15.08.37:003][  0]LogConfig: Setting CVar [[r.ViewDistanceScale:1.0]]
[2019.12.29-15.08.37:003][  0]LogConfig: Applying CVar settings from Section [AntiAliasingQuality@3] File [C:/Users/ipipos56/Desktop/Sugun/Sugun/Saved/Config/Windows/Scalability.ini]
[2019.12.29-15.08.37:003][  0]LogConfig: Setting CVar [[r.PostProcessAAQuality:4]]
[2019.12.29-15.08.37:003][  0]LogConfig: Applying CVar settings from Section [ShadowQuality@3] File [C:/Users/ipipos56/Desktop/Sugun/Sugun/Saved/Config/Windows/Scalability.ini]
[2019.12.29-15.08.37:003][  0]LogConfig: Setting CVar [[r.LightFunctionQuality:1]]
[2019.12.29-15.08.37:003][  0]LogConfig: Setting CVar [[r.ShadowQuality:5]]
[2019.12.29-15.08.37:003][  0]LogConfig: Setting CVar [[r.Shadow.CSM.MaxCascades:10]]
[2019.12.29-15.08.37:003][  0]LogConfig: Setting CVar [[r.Shadow.MaxResolution:2048]]
[2019.12.29-15.08.37:003][  0]LogConfig: Setting CVar [[r.Shadow.MaxCSMResolution:2048]]
[2019.12.29-15.08.37:003][  0]LogConfig: Setting CVar [[r.Shadow.RadiusThreshold:0.01]]
[2019.12.29-15.08.37:003][  0]LogConfig: Setting CVar [[r.Shadow.DistanceScale:1.0]]
[2019.12.29-15.08.37:003][  0]LogConfig: Setting CVar [[r.Shadow.CSM.TransitionScale:1.0]]
[2019.12.29-15.08.37:003][  0]LogConfig: Setting CVar [[r.Shadow.PreShadowResolutionFactor:1.0]]
[2019.12.29-15.08.37:003][  0]LogConfig: Setting CVar [[r.DistanceFieldShadowing:1]]
[2019.12.29-15.08.37:003][  0]LogConfig: Setting CVar [[r.DistanceFieldAO:1]]
[2019.12.29-15.08.37:003][  0]LogConfig: Setting CVar [[r.AOQuality:2]]
[2019.12.29-15.08.37:003][  0]LogConfig: Setting CVar [[r.VolumetricFog:1]]
[2019.12.29-15.08.37:003][  0]LogConfig: Setting CVar [[r.VolumetricFog.GridPixelSize:8]]
[2019.12.29-15.08.37:003][  0]LogConfig: Setting CVar [[r.VolumetricFog.GridSizeZ:128]]
[2019.12.29-15.08.37:003][  0]LogConfig: Setting CVar [[r.VolumetricFog.HistoryMissSupersampleCount:4]]
[2019.12.29-15.08.37:003][  0]LogConfig: Setting CVar [[r.LightMaxDrawDistanceScale:1]]
[2019.12.29-15.08.37:003][  0]LogConfig: Setting CVar [[r.CapsuleShadows:1]]
[2019.12.29-15.08.37:003][  0]LogConfig: Applying CVar settings from Section [PostProcessQuality@3] File [C:/Users/ipipos56/Desktop/Sugun/Sugun/Saved/Config/Windows/Scalability.ini]
[2019.12.29-15.08.37:003][  0]LogConfig: Setting CVar [[r.MotionBlurQuality:4]]
[2019.12.29-15.08.37:003][  0]LogConfig: Setting CVar [[r.AmbientOcclusionMipLevelFactor:0.4]]
[2019.12.29-15.08.37:003][  0]LogConfig: Setting CVar [[r.AmbientOcclusionMaxQuality:100]]
[2019.12.29-15.08.37:003][  0]LogConfig: Setting CVar [[r.AmbientOcclusionLevels:-1]]
[2019.12.29-15.08.37:003][  0]LogConfig: Setting CVar [[r.AmbientOcclusionRadiusScale:1.0]]
[2019.12.29-15.08.37:003][  0]LogConfig: Setting CVar [[r.DepthOfFieldQuality:2]]
[2019.12.29-15.08.37:003][  0]LogConfig: Setting CVar [[r.RenderTargetPoolMin:400]]
[2019.12.29-15.08.37:003][  0]LogConfig: Setting CVar [[r.LensFlareQuality:2]]
[2019.12.29-15.08.37:003][  0]LogConfig: Setting CVar [[r.SceneColorFringeQuality:1]]
[2019.12.29-15.08.37:003][  0]LogConfig: Setting CVar [[r.EyeAdaptationQuality:2]]
[2019.12.29-15.08.37:003][  0]LogConfig: Setting CVar [[r.BloomQuality:5]]
[2019.12.29-15.08.37:003][  0]LogConfig: Setting CVar [[r.FastBlurThreshold:100]]
[2019.12.29-15.08.37:003][  0]LogConfig: Setting CVar [[r.Upscale.Quality:3]]
[2019.12.29-15.08.37:003][  0]LogConfig: Setting CVar [[r.Tonemapper.GrainQuantization:1]]
[2019.12.29-15.08.37:003][  0]LogConfig: Setting CVar [[r.LightShaftQuality:1]]
[2019.12.29-15.08.37:003][  0]LogConfig: Setting CVar [[r.Filter.SizeScale:1]]
[2019.12.29-15.08.37:003][  0]LogConfig: Setting CVar [[r.Tonemapper.Quality:5]]
[2019.12.29-15.08.37:003][  0]LogConfig: Setting CVar [[r.DOF.Gather.AccumulatorQuality:1        ; higher gathering accumulator quality]]
[2019.12.29-15.08.37:003][  0]LogConfig: Setting CVar [[r.DOF.Gather.PostfilterMethod:1          ; Median3x3 postfilering method]]
[2019.12.29-15.08.37:003][  0]LogConfig: Setting CVar [[r.DOF.Gather.EnableBokehSettings:0       ; no bokeh simulation when gathering]]
[2019.12.29-15.08.37:003][  0]LogConfig: Setting CVar [[r.DOF.Gather.RingCount:4                 ; medium number of samples when gathering]]
[2019.12.29-15.08.37:003][  0]LogConfig: Setting CVar [[r.DOF.Scatter.ForegroundCompositing:1    ; additive foreground scattering]]
[2019.12.29-15.08.37:003][  0]LogConfig: Setting CVar [[r.DOF.Scatter.BackgroundCompositing:2    ; additive background scattering]]
[2019.12.29-15.08.37:003][  0]LogConfig: Setting CVar [[r.DOF.Scatter.EnableBokehSettings:1      ; bokeh simulation when scattering]]
[2019.12.29-15.08.37:003][  0]LogConfig: Setting CVar [[r.DOF.Scatter.MaxSpriteRatio:0.1         ; only a maximum of 10% of scattered bokeh]]
[2019.12.29-15.08.37:003][  0]LogConfig: Setting CVar [[r.DOF.Recombine.Quality:1                ; cheap slight out of focus]]
[2019.12.29-15.08.37:003][  0]LogConfig: Setting CVar [[r.DOF.Recombine.EnableBokehSettings:0    ; no bokeh simulation on slight out of focus]]
[2019.12.29-15.08.37:003][  0]LogConfig: Setting CVar [[r.DOF.TemporalAAQuality:1                ; more stable temporal accumulation]]
[2019.12.29-15.08.37:003][  0]LogConfig: Setting CVar [[r.DOF.Kernel.MaxForegroundRadius:0.025]]
[2019.12.29-15.08.37:003][  0]LogConfig: Setting CVar [[r.DOF.Kernel.MaxBackgroundRadius:0.025]]
[2019.12.29-15.08.37:003][  0]LogConfig: Applying CVar settings from Section [TextureQuality@3] File [C:/Users/ipipos56/Desktop/Sugun/Sugun/Saved/Config/Windows/Scalability.ini]
[2019.12.29-15.08.37:003][  0]LogConfig: Setting CVar [[r.Streaming.MipBias:0]]
[2019.12.29-15.08.37:003][  0]LogConfig: Setting CVar [[r.Streaming.AmortizeCPUToGPUCopy:0]]
[2019.12.29-15.08.37:003][  0]LogConfig: Setting CVar [[r.Streaming.MaxNumTexturesToStreamPerFrame:0]]
[2019.12.29-15.08.37:004][  0]LogConfig: Setting CVar [[r.Streaming.Boost:1]]
[2019.12.29-15.08.37:004][  0]LogConfig: Setting CVar [[r.MaxAnisotropy:8]]
[2019.12.29-15.08.37:004][  0]LogConfig: Setting CVar [[r.VT.MaxAnisotropy:8]]
[2019.12.29-15.08.37:004][  0]LogConfig: Setting CVar [[r.Streaming.LimitPoolSizeToVRAM:0]]
[2019.12.29-15.08.37:004][  0]LogConfig: Setting CVar [[r.Streaming.PoolSize:1000]]
[2019.12.29-15.08.37:004][  0]LogConfig: Setting CVar [[r.Streaming.MaxEffectiveScreenSize:0]]
[2019.12.29-15.08.37:004][  0]LogConfig: Applying CVar settings from Section [EffectsQuality@3] File [C:/Users/ipipos56/Desktop/Sugun/Sugun/Saved/Config/Windows/Scalability.ini]
[2019.12.29-15.08.37:004][  0]LogConfig: Setting CVar [[r.TranslucencyLightingVolumeDim:64]]
[2019.12.29-15.08.37:004][  0]LogConfig: Setting CVar [[r.RefractionQuality:2]]
[2019.12.29-15.08.37:004][  0]LogConfig: Setting CVar [[r.SSR.Quality:3]]
[2019.12.29-15.08.37:004][  0]LogConfig: Setting CVar [[r.SSR.HalfResSceneColor:0]]
[2019.12.29-15.08.37:004][  0]LogConfig: Setting CVar [[r.SceneColorFormat:4]]
[2019.12.29-15.08.37:004][  0]LogConfig: Setting CVar [[r.DetailMode:2]]
[2019.12.29-15.08.37:004][  0]LogConfig: Setting CVar [[r.TranslucencyVolumeBlur:1]]
[2019.12.29-15.08.37:004][  0]LogConfig: Setting CVar [[r.MaterialQualityLevel:1 ; High quality]]
[2019.12.29-15.08.37:004][  0]LogConfig: Setting CVar [[r.SSS.Scale:1]]
[2019.12.29-15.08.37:004][  0]LogConfig: Setting CVar [[r.SSS.SampleSet:2]]
[2019.12.29-15.08.37:004][  0]LogConfig: Setting CVar [[r.SSS.Quality:1]]
[2019.12.29-15.08.37:004][  0]LogConfig: Setting CVar [[r.SSS.HalfRes:1]]
[2019.12.29-15.08.37:004][  0]LogConfig: Setting CVar [[r.SSGI.Quality:3]]
[2019.12.29-15.08.37:004][  0]LogConfig: Setting CVar [[r.EmitterSpawnRateScale:1.0]]
[2019.12.29-15.08.37:004][  0]LogConfig: Setting CVar [[r.ParticleLightQuality:2]]
[2019.12.29-15.08.37:004][  0]LogConfig: Setting CVar [[r.SkyAtmosphere.AerialPerspectiveLUT.FastApplyOnOpaque:1 ; Always have FastSkyLUT 1 in this case to avoid wrong sky]]
[2019.12.29-15.08.37:004][  0]LogConfig: Setting CVar [[r.SkyAtmosphere.AerialPerspectiveLUT.SampleCountPerSlice:1]]
[2019.12.29-15.08.37:004][  0]LogConfig: Setting CVar [[r.SkyAtmosphere.AerialPerspectiveLUT.DepthResolution:16.0]]
[2019.12.29-15.08.37:004][  0]LogConfig: Setting CVar [[r.SkyAtmosphere.FastSkyLUT:1]]
[2019.12.29-15.08.37:004][  0]LogConfig: Setting CVar [[r.SkyAtmosphere.FastSkyLUT.SampleCountMin:4.0]]
[2019.12.29-15.08.37:004][  0]LogConfig: Setting CVar [[r.SkyAtmosphere.FastSkyLUT.SampleCountMax:32.0]]
[2019.12.29-15.08.37:004][  0]LogConfig: Setting CVar [[r.SkyAtmosphere.SampleCountMin:4.0]]
[2019.12.29-15.08.37:004][  0]LogConfig: Setting CVar [[r.SkyAtmosphere.SampleCountMax:32.0]]
[2019.12.29-15.08.37:004][  0]LogConfig: Setting CVar [[r.SkyAtmosphere.TransmittanceLUT.UseSmallFormat:0]]
[2019.12.29-15.08.37:004][  0]LogConfig: Setting CVar [[r.SkyAtmosphere.TransmittanceLUT.SampleCount:10.0]]
[2019.12.29-15.08.37:004][  0]LogConfig: Setting CVar [[r.SkyAtmosphere.MultiScatteringLUT.SampleCount:15.0]]
[2019.12.29-15.08.37:004][  0]LogConfig: Applying CVar settings from Section [FoliageQuality@3] File [C:/Users/ipipos56/Desktop/Sugun/Sugun/Saved/Config/Windows/Scalability.ini]
[2019.12.29-15.08.37:004][  0]LogConfig: Setting CVar [[foliage.DensityScale:1.0]]
[2019.12.29-15.08.37:004][  0]LogConfig: Setting CVar [[grass.DensityScale:1.0]]
[2019.12.29-15.08.37:004][  0]LogConfig: Applying CVar settings from Section [ShadingQuality@3] File [C:/Users/ipipos56/Desktop/Sugun/Sugun/Saved/Config/Windows/Scalability.ini]
[2019.12.29-15.08.37:004][  0]LogConfig: Setting CVar [[r.HairStrands.SkyLighting.SampleCount:16]]
[2019.12.29-15.08.37:004][  0]LogConfig: Setting CVar [[r.HairStrands.SkyLighting.JitterIntegration:0]]
[2019.12.29-15.08.37:004][  0]LogConfig: Setting CVar [[r.HairStrands.SkyAO.SampleCount:16]]
[2019.12.29-15.08.37:004][  0]LogConfig: Applying CVar settings from Section [Startup] File [../../../Engine/Config/ConsoleVariables.ini]
[2019.12.29-15.08.37:004][  0]LogConfig: Setting CVar [[net.UseAdaptiveNetUpdateFrequency:0]]
[2019.12.29-15.08.37:004][  0]LogConfig: Setting CVar [[p.chaos.AllowCreatePhysxBodies:1]]
[2019.12.29-15.08.37:004][  0]LogConfig: Applying CVar settings from Section [ConsoleVariables] File [C:/Users/ipipos56/Desktop/Sugun/Sugun/Saved/Config/Windows/Engine.ini]
[2019.12.29-15.08.37:004][  0]LogInit: Computer: DESKTOP-L1MDA0D
[2019.12.29-15.08.37:005][  0]LogInit: User: ipipos56
[2019.12.29-15.08.37:005][  0]LogInit: CPU Page size=4096, Cores=4
[2019.12.29-15.08.37:005][  0]LogInit: High frequency timer resolution =10.000000 MHz
[2019.12.29-15.08.37:005][  0]LogMemory: Memory total: Physical=7.9GB (8GB approx)
[2019.12.29-15.08.37:005][  0]LogMemory: Platform Memory Stats for Windows
[2019.12.29-15.08.37:005][  0]LogMemory: Process Physical Memory: 103.53 MB used, 103.54 MB peak
[2019.12.29-15.08.37:005][  0]LogMemory: Process Virtual Memory: 99.84 MB used, 99.84 MB peak
[2019.12.29-15.08.37:005][  0]LogMemory: Physical Memory: 6287.29 MB used,  1834.74 MB free, 8122.03 MB total
[2019.12.29-15.08.37:005][  0]LogMemory: Virtual Memory: 5121.15 MB used,  134212608.00 MB free, 134217728.00 MB total
[2019.12.29-15.08.37:007][  0]LogWindows: WindowsPlatformFeatures enabled
[2019.12.29-15.08.37:028][  0]LogInit: Using OS detected language (ru-RU).
[2019.12.29-15.08.37:028][  0]LogInit: Using OS detected locale (ru-RU).
[2019.12.29-15.08.37:029][  0]LogTextLocalizationManager: No specific localization for 'ru-RU' exists, so the 'ru' localization will be used.
[2019.12.29-15.08.37:029][  0]LogTextLocalizationResource: LocRes '../../../Engine/Content/Localization/Editor/ru/Editor.locres' could not be opened for reading!
[2019.12.29-15.08.37:029][  0]LogTextLocalizationResource: LocRes '../../../Engine/Content/Localization/EditorTutorials/ru/EditorTutorials.locres' could not be opened for reading!
[2019.12.29-15.08.37:030][  0]LogTextLocalizationResource: LocRes '../../../Engine/Content/Localization/Keywords/ru/Keywords.locres' could not be opened for reading!
[2019.12.29-15.08.37:030][  0]LogTextLocalizationResource: LocRes '../../../Engine/Content/Localization/Category/ru/Category.locres' could not be opened for reading!
[2019.12.29-15.08.37:030][  0]LogTextLocalizationResource: LocRes '../../../Engine/Content/Localization/ToolTips/ru/ToolTips.locres' could not be opened for reading!
[2019.12.29-15.08.37:030][  0]LogTextLocalizationResource: LocRes '../../../Engine/Content/Localization/PropertyNames/ru/PropertyNames.locres' could not be opened for reading!
[2019.12.29-15.08.37:030][  0]LogTextLocalizationResource: LocRes '../../../Engine/Content/Localization/Engine/ru/Engine.locres' could not be opened for reading!
[2019.12.29-15.08.37:031][  0]LogInit: Setting process to per monitor DPI aware
[2019.12.29-15.08.37:064][  0]LogSlate: New Slate User Created.  User Index 0, Is Virtual User: 0
[2019.12.29-15.08.37:064][  0]LogSlate: Slate User Registered.  User Index 0, Is Virtual User: 0
[2019.12.29-15.08.37:220][  0]LogHMD: Failed to initialize OpenVR with code 110
[2019.12.29-15.08.37:220][  0]LogD3D11RHI: D3D11 min allowed feature level: 11_0
[2019.12.29-15.08.37:220][  0]LogD3D11RHI: D3D11 max allowed feature level: 11_0
[2019.12.29-15.08.37:220][  0]LogD3D11RHI: D3D11 adapters:
[2019.12.29-15.08.37:316][  0]LogD3D11RHI:    0. 'NVIDIA GeForce GTX 1050' (Feature Level 11_0)
[2019.12.29-15.08.37:316][  0]LogD3D11RHI:       1977/0/4061 MB DedicatedVideo/DedicatedSystem/SharedSystem, Outputs:1, VendorId:0x10de
[2019.12.29-15.08.37:319][  0]LogD3D11RHI:    1. 'Microsoft Basic Render Driver' (Feature Level 11_0)
[2019.12.29-15.08.37:319][  0]LogD3D11RHI:       0/0/4061 MB DedicatedVideo/DedicatedSystem/SharedSystem, Outputs:0, VendorId:0x1414
[2019.12.29-15.08.37:319][  0]LogD3D11RHI: Chosen D3D11 Adapter: 0
[2019.12.29-15.08.37:326][  0]LogD3D11RHI: Creating new Direct3DDevice
[2019.12.29-15.08.37:326][  0]LogD3D11RHI:     GPU DeviceId: 0x1c81 (for the marketing name, search the web for "GPU Device Id")
[2019.12.29-15.08.37:326][  0]LogWindows: EnumDisplayDevices:
[2019.12.29-15.08.37:327][  0]LogWindows:    0. 'NVIDIA GeForce GTX 1050' (P:1 D:1)
[2019.12.29-15.08.37:327][  0]LogWindows:    1. 'NVIDIA GeForce GTX 1050' (P:0 D:0)
[2019.12.29-15.08.37:327][  0]LogWindows:    2. 'NVIDIA GeForce GTX 1050' (P:0 D:0)
[2019.12.29-15.08.37:327][  0]LogWindows:    3. 'NVIDIA GeForce GTX 1050' (P:0 D:0)
[2019.12.29-15.08.37:327][  0]LogWindows: DebugString: FoundDriverCount:4 
[2019.12.29-15.08.37:327][  0]LogD3D11RHI:     Adapter Name: NVIDIA GeForce GTX 1050
[2019.12.29-15.08.37:327][  0]LogD3D11RHI:   Driver Version: 432.00 (internal:26.21.14.3200, unified:432.00)
[2019.12.29-15.08.37:328][  0]LogD3D11RHI:      Driver Date: 7-24-2019
[2019.12.29-15.08.37:328][  0]LogRHI: Texture pool is 1384 MB (70% of 1977 MB)
[2019.12.29-15.08.37:381][  0]LogD3D11RHI: RHI has support for 64 bit atomics
[2019.12.29-15.08.37:381][  0]LogD3D11RHI: Async texture creation enabled
[2019.12.29-15.08.37:412][  0]LogD3D11RHI: GPU Timing Frequency: 1000.000000 (Debug: 2 1)
[2019.12.29-15.08.37:792][  0]LogTargetPlatformManager: Display: Loaded TargetPlatform 'AllDesktop'
[2019.12.29-15.08.37:828][  0]LogTargetPlatformManager: Display: Loaded TargetPlatform 'Android'
[2019.12.29-15.08.37:829][  0]LogTargetPlatformManager: Display: Loaded TargetPlatform 'Android_ASTC'
[2019.12.29-15.08.37:829][  0]LogTargetPlatformManager: Display: Loaded TargetPlatform 'Android_ATC'
[2019.12.29-15.08.37:829][  0]LogTargetPlatformManager: Display: Loaded TargetPlatform 'Android_DXT'
[2019.12.29-15.08.37:829][  0]LogTargetPlatformManager: Display: Loaded TargetPlatform 'Android_ETC1'
[2019.12.29-15.08.37:829][  0]LogTargetPlatformManager: Display: Loaded TargetPlatform 'Android_ETC1a'
[2019.12.29-15.08.37:829][  0]LogTargetPlatformManager: Display: Loaded TargetPlatform 'Android_ETC2'
[2019.12.29-15.08.37:829][  0]LogTargetPlatformManager: Display: Loaded TargetPlatform 'Android_PVRTC'
[2019.12.29-15.08.37:829][  0]LogTargetPlatformManager: Display: Loaded TargetPlatform 'AndroidClient'
[2019.12.29-15.08.37:829][  0]LogTargetPlatformManager: Display: Loaded TargetPlatform 'Android_ASTCClient'
[2019.12.29-15.08.37:829][  0]LogTargetPlatformManager: Display: Loaded TargetPlatform 'Android_ATCClient'
[2019.12.29-15.08.37:829][  0]LogTargetPlatformManager: Display: Loaded TargetPlatform 'Android_DXTClient'
[2019.12.29-15.08.37:829][  0]LogTargetPlatformManager: Display: Loaded TargetPlatform 'Android_ETC1Client'
[2019.12.29-15.08.37:829][  0]LogTargetPlatformManager: Display: Loaded TargetPlatform 'Android_ETC1aClient'
[2019.12.29-15.08.37:829][  0]LogTargetPlatformManager: Display: Loaded TargetPlatform 'Android_ETC2Client'
[2019.12.29-15.08.37:829][  0]LogTargetPlatformManager: Display: Loaded TargetPlatform 'Android_PVRTCClient'
[2019.12.29-15.08.37:829][  0]LogTargetPlatformManager: Display: Loaded TargetPlatform 'Android_Multi'
[2019.12.29-15.08.37:829][  0]LogTargetPlatformManager: Display: Loaded TargetPlatform 'Android_MultiClient'
[2019.12.29-15.08.37:849][  0]LogTargetPlatformManager: Display: Loaded TargetPlatform 'IOSClient'
[2019.12.29-15.08.37:849][  0]LogTargetPlatformManager: Display: Loaded TargetPlatform 'IOS'
[2019.12.29-15.08.37:857][  0]LogTargetPlatformManager: Display: Loaded TargetPlatform 'LinuxNoEditor'
[2019.12.29-15.08.37:865][  0]LogTargetPlatformManager: Display: Loaded TargetPlatform 'LinuxClient'
[2019.12.29-15.08.37:873][  0]LogTargetPlatformManager: Display: Loaded TargetPlatform 'LinuxServer'
[2019.12.29-15.08.37:881][  0]LogTargetPlatformManager: Display: Loaded TargetPlatform 'LinuxAArch64NoEditor'
[2019.12.29-15.08.37:889][  0]LogTargetPlatformManager: Display: Loaded TargetPlatform 'LinuxAArch64Client'
[2019.12.29-15.08.37:897][  0]LogTargetPlatformManager: Display: Loaded TargetPlatform 'LinuxAArch64Server'
[2019.12.29-15.08.37:925][  0]LogTargetPlatformManager: Display: Loaded TargetPlatform 'Lumin'
[2019.12.29-15.08.37:925][  0]LogTargetPlatformManager: Display: Loaded TargetPlatform 'LuminClient'
[2019.12.29-15.08.37:941][  0]LogTargetPlatformManager: Display: Loaded TargetPlatform 'TVOSClient'
[2019.12.29-15.08.37:941][  0]LogTargetPlatformManager: Display: Loaded TargetPlatform 'TVOS'
[2019.12.29-15.08.37:949][  0]LogTargetPlatformManager: Display: Loaded TargetPlatform 'WindowsNoEditor'
[2019.12.29-15.08.37:958][  0]LogTargetPlatformManager: Display: Loaded TargetPlatform 'Windows'
[2019.12.29-15.08.37:966][  0]LogTargetPlatformManager: Display: Loaded TargetPlatform 'WindowsClient'
[2019.12.29-15.08.37:974][  0]LogTargetPlatformManager: Display: Loaded TargetPlatform 'WindowsServer'
[2019.12.29-15.08.37:974][  0]LogTargetPlatformManager: Display: Building Assets For Windows
[2019.12.29-15.08.37:978][  0]LogAudioDebug: Display: Lib vorbis DLL was dynamically loaded.
[2019.12.29-15.08.38:051][  0]LogShaderCompilers: Guid format shader working directory is -4 characters bigger than the processId version (../../../../../../Users/ipipos56/Desktop/Sugun/Sugun/Intermediate/Shaders/WorkingDirectory/13124/).
[2019.12.29-15.08.38:051][  0]LogShaderCompilers: Cleaned the shader compiler working directory 'C:/Users/ipipos56/AppData/Local/Temp/UnrealShaderWorkingDir/DDB4E4A3407D47EB299E41AA01A75B35/'.
[2019.12.29-15.08.38:052][  0]LogXGEController: Cannot use XGE Controller as Incredibuild is not installed on this machine.
[2019.12.29-15.08.38:052][  0]LogShaderCompilers: Cannot use XGE Shader Compiler as Incredibuild is not installed on this machine.
[2019.12.29-15.08.38:052][  0]LogShaderCompilers: Display: Using Local Shader Compiler.
[2019.12.29-15.08.38:829][  0]LogDerivedDataCache: Display: Max Cache Size: 512 MB
[2019.12.29-15.08.39:548][  0]LogDerivedDataCache: Loaded boot cache 0.72s 79MB C:/Users/ipipos56/AppData/Local/UnrealEngine/4.24/DerivedDataCache/Boot.ddc.
[2019.12.29-15.08.39:548][  0]LogDerivedDataCache: Display: Loaded Boot cache: C:/Users/ipipos56/AppData/Local/UnrealEngine/4.24/DerivedDataCache/Boot.ddc
[2019.12.29-15.08.39:549][  0]LogDerivedDataCache: FDerivedDataBackendGraph:  Pak pak cache file ../../../../../../Users/ipipos56/Desktop/Sugun/Sugun/DerivedDataCache/DDC.ddp not found, will not use a pak cache.
[2019.12.29-15.08.39:549][  0]LogDerivedDataCache: Unable to find inner node Pak for hierarchical cache Hierarchy.
[2019.12.29-15.08.39:549][  0]LogDerivedDataCache: FDerivedDataBackendGraph:  CompressedPak pak cache file ../../../../../../Users/ipipos56/Desktop/Sugun/Sugun/DerivedDataCache/Compressed.ddp not found, will not use a pak cache.
[2019.12.29-15.08.39:549][  0]LogDerivedDataCache: Unable to find inner node CompressedPak for hierarchical cache Hierarchy.
[2019.12.29-15.08.39:560][  0]LogDerivedDataCache: Display: Pak cache opened for reading ../../../Engine/DerivedDataCache/Compressed.ddp.
[2019.12.29-15.08.39:560][  0]LogDerivedDataCache: FDerivedDataBackendGraph:  EnterprisePak pak cache file ../../../Enterprise/DerivedDataCache/Compressed.ddp not found, will not use a pak cache.
[2019.12.29-15.08.39:560][  0]LogDerivedDataCache: Unable to find inner node EnterprisePak for hierarchical cache Hierarchy.
[2019.12.29-15.08.39:562][  0]LogDerivedDataCache: Using Local data cache path C:/Users/ipipos56/AppData/Local/UnrealEngine/Common/DerivedDataCache: Writable
[2019.12.29-15.08.39:562][  0]LogDerivedDataCache: Shared data cache path not found in *engine.ini, will not use an Shared cache.
[2019.12.29-15.08.39:562][  0]LogDerivedDataCache: Unable to find inner node Shared for hierarchical cache Hierarchy.
[2019.12.29-15.08.39:588][  0]LogMaterial: Verifying Global Shaders for PCD3D_SM5
[2019.12.29-15.08.39:592][  0]LogSlate: Using FreeType 2.10.0
[2019.12.29-15.08.39:592][  0]LogSlate: SlateFontServices - WITH_FREETYPE: 1, WITH_HARFBUZZ: 1
[2019.12.29-15.08.42:300][  0]LogAssetRegistry: FAssetRegistry took 0.0026 seconds to start up
[2019.12.29-15.08.42:618][  0]LogInit: Selected Device Profile: [Windows]
[2019.12.29-15.08.42:782][  0]LogMeshReduction: Using QuadricMeshReduction for automatic static mesh reduction
[2019.12.29-15.08.42:782][  0]LogMeshReduction: Using SimplygonMeshReduction for automatic skeletal mesh reduction
[2019.12.29-15.08.42:782][  0]LogMeshReduction: Using ProxyLODMeshReduction for automatic mesh merging
[2019.12.29-15.08.42:782][  0]LogMeshReduction: No distributed automatic mesh merging module available
[2019.12.29-15.08.42:782][  0]LogMeshMerging: No distributed automatic mesh merging module available
[2019.12.29-15.08.42:798][  0]LogNetVersion: Sugun 1.0.0, NetCL: 10570792, EngineNetVer: 13, GameNetVer: 0 (Checksum: 3650624361)
[2019.12.29-15.09.00:838][  0]LogPackageLocalizationCache: Processed 10 localized package path(s) for 1 prioritized culture(s) in 0.066753 seconds
[2019.12.29-15.09.00:848][  0]LogUObjectArray: 46750 objects as part of root set at end of initial load.
[2019.12.29-15.09.00:848][  0]LogUObjectAllocator: 8137160 out of 0 bytes used by permanent object pool.
[2019.12.29-15.09.00:848][  0]LogUObjectArray: CloseDisregardForGC: 0/0 objects in disregard for GC pool
[2019.12.29-15.09.01:807][  0]LogTcpMessaging: Initializing TcpMessaging bridge
[2019.12.29-15.09.01:860][  0]LogUdpMessaging: Initializing bridge on interface 0.0.0.0:0 to multicast group 230.0.0.1:6666.
[2019.12.29-15.09.01:941][  0]SourceControl: Source control is disabled
[2019.12.29-15.09.01:941][  0]SourceControl: Source control is disabled
[2019.12.29-15.09.01:943][  0]SourceControl: Source control is disabled
[2019.12.29-15.09.01:944][  0]SourceControl: Source control is disabled
[2019.12.29-15.09.01:945][  0]SourceControl: Source control is disabled
[2019.12.29-15.09.02:323][  0]LogAndroidPermission: UAndroidPermissionCallbackProxy::GetInstance
[2019.12.29-15.09.02:376][  0]LogAudioCaptureCore: Display: No Audio Capture implementations found. Audio input will be silent.
[2019.12.29-15.09.02:376][  0]LogAudioCaptureCore: Display: No Audio Capture implementations found. Audio input will be silent.
[2019.12.29-15.09.02:479][  0]LogOcInput: OculusInput pre-init called
[2019.12.29-15.09.02:488][  0]LogWindows: Failed to load 'OVRPlugin.dll' (GetLastError=126)
[2019.12.29-15.09.02:488][  0]LogWindows: File 'OVRPlugin.dll' does not exist
[2019.12.29-15.09.02:613][  0]LogEngine: Initializing Engine...
[2019.12.29-15.09.02:614][  0]LogHMD: Failed to initialize OpenVR with code 110
[2019.12.29-15.09.02:615][  0]LogStats: UGameplayTagsManager::InitializeManager -  0.000 s
[2019.12.29-15.09.02:993][  0]LogInit: Initializing FReadOnlyCVARCache
[2019.12.29-15.09.03:000][  0]LogAIModule: Creating AISystem for world Untitled
[2019.12.29-15.09.03:082][  0]LogAudioMixer: Display: Audio Mixer Platform Settings:
[2019.12.29-15.09.03:082][  0]LogAudioMixer: Display: 	Sample Rate:						  48000
[2019.12.29-15.09.03:082][  0]LogAudioMixer: Display: 	Callback Buffer Frame Size Requested: 1024
[2019.12.29-15.09.03:082][  0]LogAudioMixer: Display: 	Callback Buffer Frame Size To Use:	  1024
[2019.12.29-15.09.03:082][  0]LogAudioMixer: Display: 	Number of buffers to queue:			  2
[2019.12.29-15.09.03:082][  0]LogAudioMixer: Display: 	Max Channels (voices):				  32
[2019.12.29-15.09.03:082][  0]LogAudioMixer: Display: 	Number of Async Source Workers:		  0
[2019.12.29-15.09.03:082][  0]LogAudio: Display: AudioDevice MaxSources: 32
[2019.12.29-15.09.03:083][  0]LogAudio: Display: Using built-in audio occlusion.
[2019.12.29-15.09.03:083][  0]LogAudioMixer: Display: Initializing audio mixer.
[2019.12.29-15.09.03:102][  0]LogAudioMixer: Display: Audio Device Output Speaker Info:
[2019.12.29-15.09.03:102][  0]LogAudioMixer: Display: Name: Динамики (High Definition Audio Device)
[2019.12.29-15.09.03:102][  0]LogAudioMixer: Display: Is Default: Yes
[2019.12.29-15.09.03:102][  0]LogAudioMixer: Display: Sample Rate: 48000
[2019.12.29-15.09.03:102][  0]LogAudioMixer: Display: Channel Count Used: 2
[2019.12.29-15.09.03:102][  0]LogAudioMixer: Display: Device Channel Count: 2
[2019.12.29-15.09.03:102][  0]LogAudioMixer: Display: Channel Order:
[2019.12.29-15.09.03:102][  0]LogAudioMixer: Display: 0: FrontLeft
[2019.12.29-15.09.03:102][  0]LogAudioMixer: Display: 1: FrontRight
[2019.12.29-15.09.03:136][  0]LogAudioMixer: Display: Using Audio Device Динамики (High Definition Audio Device)
[2019.12.29-15.09.03:142][  0]LogInit: FAudioDevice initialized.
[2019.12.29-15.09.03:155][  0]LogNetVersion: Set ProjectVersion to 1.0.0.0. Version Checksum will be recalculated on next use.
[2019.12.29-15.09.03:408][  0]LogDerivedDataCache: Saved boot cache 0.25s 79MB C:/Users/ipipos56/AppData/Local/UnrealEngine/4.24/DerivedDataCache/Boot.ddc.
[2019.12.29-15.09.03:414][  0]LogInit: Texture streaming: Enabled
[2019.12.29-15.09.03:433][  0]LogEngineSessionManager: EngineSessionManager initialized
[2019.12.29-15.09.03:433][  0]LogEditorSessionSummary: Verbose: Initializing EditorSessionSummaryWriter for editor session tracking
[2019.12.29-15.09.03:446][  0]LogEditorSessionSummary: EditorSessionSummaryWriter initialized
[2019.12.29-15.09.03:461][  0]LogInit: Transaction tracking system initialized
[2019.12.29-15.09.03:471][  0]BlueprintLog: New page: Editor Load
[2019.12.29-15.09.03:931][  0]LocalizationService: Localization service is disabled
[2019.12.29-15.09.04:533][  0]LogFileCache: Scanning file cache for directory 'C:/Users/ipipos56/Desktop/Sugun/Sugun/Content/' took 0.00s
[2019.12.29-15.09.04:533][  0]LogCook: Display: Max memory allowance for cook 16384mb min free memory 0mb
[2019.12.29-15.09.04:533][  0]LogCook: Display: Mobile HDR setting 1
[2019.12.29-15.09.19:805][  0]SourceControl: Source control is disabled
[2019.12.29-15.09.19:805][  0]Cmd: MAP LOAD FILE="../../../Engine/Content/Maps/Templates/Template_Default.umap" TEMPLATE=1 SHOWPROGRESS=1 FEATURELEVEL=3
[2019.12.29-15.09.19:805][  0]LightingResults: New page: Lighting Build
[2019.12.29-15.09.19:806][  0]LogWorld: UWorld::CleanupWorld for Untitled, bSessionEnded=true, bCleanupResources=true
[2019.12.29-15.09.19:806][  0]LogSlate: InvalidateAllWidgets triggered.  All widgets were invalidated
[2019.12.29-15.09.19:806][  0]MapCheck: New page: Map Check
[2019.12.29-15.09.19:806][  0]LightingResults: New page: Lighting Build
[2019.12.29-15.09.19:881][  0]LogUObjectHash: Compacting FUObjectHashTables data took   1.87ms
[2019.12.29-15.09.19:967][  0]LogAIModule: Creating AISystem for world Untitled_1
[2019.12.29-15.09.19:974][  0]LogEditorServer: Finished looking for orphan Actors (0.000 secs)
[2019.12.29-15.09.19:999][  0]LogUObjectHash: Compacting FUObjectHashTables data took   2.45ms
[2019.12.29-15.09.19:999][  0]Cmd: MAP CHECKDEP NOCLEARLOG
[2019.12.29-15.09.19:999][  0]MapCheck: Map check complete: 0 Error(s), 0 Warning(s), took 0,22ms to complete.
[2019.12.29-15.09.19:999][  0]LogFileHelpers: Loading map 'Template_Default' took 0.194
[2019.12.29-15.09.21:085][  0]LogSlate: Updating window title bar state: overlay mode, drag disabled, window buttons hidden, title bar hidden
[2019.12.29-15.09.21:094][  0]LogSlate: Updating window title bar state: overlay mode, drag disabled, window buttons hidden, title bar hidden
[2019.12.29-15.09.21:102][  0]LogSlate: Updating window title bar state: overlay mode, drag disabled, window buttons hidden, title bar hidden
[2019.12.29-15.09.21:110][  0]LogSlate: Updating window title bar state: overlay mode, drag disabled, window buttons hidden, title bar hidden
[2019.12.29-15.09.21:306][  0]LogCollectionManager: Loaded 0 collections in 0.002145 seconds
[2019.12.29-15.09.21:482][  0]LogFileCache: Scanning file cache for directory 'C:/Users/ipipos56/Desktop/Sugun/Sugun/Saved/Collections/' took 0.00s
[2019.12.29-15.09.21:482][  0]LogFileCache: Scanning file cache for directory 'C:/Users/ipipos56/Desktop/Sugun/Sugun/Content/Developers/ipipos56/Collections/' took 0.00s
[2019.12.29-15.09.21:482][  0]LogFileCache: Scanning file cache for directory 'C:/Users/ipipos56/Desktop/Sugun/Sugun/Content/Collections/' took 0.00s
[2019.12.29-15.09.21:482][  0]LogContentBrowser: Native class hierarchy populated in 0.0113 seconds. Added 3017 classes and 720 folders.
[2019.12.29-15.09.21:677][  0]LogContentBrowser: Native class hierarchy updated for 'WidgetCarousel' in 0.0003 seconds. Added 0 classes and 0 folders.
[2019.12.29-15.09.22:290][  0]LogContentBrowser: Native class hierarchy updated for 'AddContentDialog' in 0.0003 seconds. Added 0 classes and 0 folders.
[2019.12.29-15.09.24:413][  0]LogSlate: Took 0.037528 seconds to synchronously load lazily loaded font '../../../Engine/Content/Slate/Fonts/Roboto-Regular.ttf' (155K)
[2019.12.29-15.09.24:484][  0]LogSlate: Took 0.020223 seconds to synchronously load lazily loaded font '../../../Engine/Content/Slate/Fonts/Roboto-Bold.ttf' (160K)
[2019.12.29-15.09.24:542][  0]LogSlate: Took 0.020391 seconds to synchronously load lazily loaded font '../../../Engine/Content/Editor/Slate/Fonts/FontAwesome.ttf' (139K)
[2019.12.29-15.09.24:977][  0]LogRenderer: Reallocating scene render targets to support 1340x924 Format 10 NumSamples 1 (Frame:1).
[2019.12.29-15.09.25:910][  0]LogContentBrowser: Native class hierarchy updated for 'HierarchicalLODOutliner' in 0.0004 seconds. Added 0 classes and 0 folders.
[2019.12.29-15.09.25:910][  0]LogLoad: (Engine Initialization) Total time: 50.70 seconds
[2019.12.29-15.09.25:910][  0]LogLoad: (Engine Initialization) Total Blueprint compile time: 0.00 seconds
[2019.12.29-15.09.26:322][  0]LogContentStreaming: Texture pool size now 1000 MB
[2019.12.29-15.09.26:415][  1]LogAssetRegistry: Asset discovery search completed in 44.1162 seconds
[2019.12.29-15.09.26:419][  1]LogCollectionManager: Fixed up redirectors for 0 collections in 0.000009 seconds (updated 0 objects)
[2019.12.29-15.09.30:965][497]LogUObjectHash: Compacting FUObjectHashTables data took   0.75ms
[2019.12.29-15.09.31:113][497]LogSlate: Window 'Sugun - Unreal Editor' being destroyed
[2019.12.29-15.09.31:113][497]LogWindowsTextInputMethodSystem: Display: IME system now deactivated.
[2019.12.29-15.09.31:825][498]Cmd: QUIT_EDITOR
[2019.12.29-15.09.31:825][498]LogCore: Engine exit requested (reason: UUnrealEdEngine::CloseEditor())
[2019.12.29-15.09.31:851][498]LogCore: Engine exit requested (reason: EngineExit() was called; note: exit was already requested)
[2019.12.29-15.09.31:851][498]LogAudioMixer: Display: No commands were queued while flushing the source manager.
[2019.12.29-15.09.32:248][498]LogExit: Preparing to exit.
[2019.12.29-15.09.34:154][498]LogDemo: Cleaned up 0 splitscreen connections with owner deletion
[2019.12.29-15.09.34:434][498]LogWorld: UWorld::CleanupWorld for None, bSessionEnded=true, bCleanupResources=true
[2019.12.29-15.09.34:434][498]LogExit: Editor shut down
[2019.12.29-15.09.34:434][498]LogExit: Transaction tracking system shut down
[2019.12.29-15.09.40:839][498]LogExit: Object subsystem successfully closed.
[2019.12.29-15.09.41:514][498]LogShaderCompilers: Display: Shaders left to compile 0
[2019.12.29-15.09.45:049][498]LogModuleManager: Shutting down and abandoning module HierarchicalLODOutliner (698)
[2019.12.29-15.09.45:049][498]LogModuleManager: Shutting down and abandoning module AddContentDialog (696)
[2019.12.29-15.09.45:066][498]LogModuleManager: Shutting down and abandoning module WidgetCarousel (695)
[2019.12.29-15.09.45:066][498]LogModuleManager: Shutting down and abandoning module EditorWidgets (692)
[2019.12.29-15.09.45:066][498]LogModuleManager: Shutting down and abandoning module CollectionManager (690)
[2019.12.29-15.09.45:066][498]LogModuleManager: Shutting down and abandoning module SceneOutliner (688)
[2019.12.29-15.09.45:066][498]LogModuleManager: Shutting down and abandoning module HierarchicalLODUtilities (686)
[2019.12.29-15.09.45:090][498]LogModuleManager: Shutting down and abandoning module StatsViewer (684)
[2019.12.29-15.09.45:110][498]LogModuleManager: Shutting down and abandoning module VirtualTexturingEditor (682)
[2019.12.29-15.09.45:150][498]LogModuleManager: Shutting down and abandoning module FoliageEdit (680)
[2019.12.29-15.09.45:258][498]LogModuleManager: Shutting down and abandoning module LandscapeEditor (678)
[2019.12.29-15.09.45:357][498]LogModuleManager: Shutting down and abandoning module MeshPaintMode (676)
[2019.12.29-15.09.45:357][498]LogModuleManager: Shutting down and abandoning module SceneDepthPickerMode (674)
[2019.12.29-15.09.45:357][498]LogModuleManager: Shutting down and abandoning module ActorPickerMode (672)
[2019.12.29-15.09.45:357][498]LogModuleManager: Shutting down and abandoning module GeometryMode (670)
[2019.12.29-15.09.45:357][498]LogModuleManager: Shutting down and abandoning module TextureAlignMode (668)
[2019.12.29-15.09.45:357][498]LogModuleManager: Shutting down and abandoning module BspMode (666)
[2019.12.29-15.09.45:357][498]LogModuleManager: Shutting down and abandoning module PIEPreviewDeviceProfileSelector (664)
[2019.12.29-15.09.45:386][498]LogModuleManager: Shutting down and abandoning module SequenceRecorderSections (662)
[2019.12.29-15.09.45:420][498]LogModuleManager: Shutting down and abandoning module AutomationWorker (660)
[2019.12.29-15.09.45:420][498]LogModuleManager: Shutting down and abandoning module SteamVREditor (658)
[2019.12.29-15.09.45:420][498]LogModuleManager: Shutting down and abandoning module OculusMR (656)
[2019.12.29-15.09.45:440][498]LogModuleManager: Shutting down and abandoning module AudioCaptureEditor (654)
[2019.12.29-15.09.45:466][498]LogModuleManager: Shutting down and abandoning module MatineeToLevelSequence (652)
[2019.12.29-15.09.45:483][498]LogModuleManager: Shutting down and abandoning module LevelSequenceEditor (650)
[2019.12.29-15.09.45:669][498]LogModuleManager: Shutting down and abandoning module PlacementMode (649)
[2019.12.29-15.09.45:669][498]LogModuleManager: Shutting down and abandoning module MaterialEditor (648)
[2019.12.29-15.09.45:846][498]LogModuleManager: Shutting down and abandoning module ActorSequenceEditor (644)
[2019.12.29-15.09.45:879][498]LogModuleManager: Shutting down and abandoning module WmfMediaFactory (642)
[2019.12.29-15.09.45:879][498]LogModuleManager: Shutting down and abandoning module WmfMediaEditor (640)
[2019.12.29-15.09.45:879][498]LogModuleManager: Shutting down and abandoning module WebMMediaFactory (638)
[2019.12.29-15.09.45:879][498]LogModuleManager: Shutting down and abandoning module WebMMediaEditor (636)
[2019.12.29-15.09.45:879][498]LogModuleManager: Shutting down and abandoning module WebMMedia (634)
[2019.12.29-15.09.45:915][498]LogModuleManager: Shutting down and abandoning module MediaPlayerEditor (632)
[2019.12.29-15.09.46:075][498]LogModuleManager: Shutting down and abandoning module MediaCompositingEditor (630)
[2019.12.29-15.09.46:131][498]LogModuleManager: Shutting down and abandoning module SequenceRecorder (629)
[2019.12.29-15.09.46:131][498]LogModuleManager: Shutting down and abandoning module OpenExrWrapper (626)
[2019.12.29-15.09.46:131][498]LogModuleManager: Shutting down and abandoning module ImgMediaFactory (624)
[2019.12.29-15.09.46:131][498]LogModuleManager: Shutting down and abandoning module ImgMediaEditor (622)
[2019.12.29-15.09.46:131][498]LogModuleManager: Shutting down and abandoning module AvfMediaFactory (620)
[2019.12.29-15.09.46:131][498]LogModuleManager: Shutting down and abandoning module AvfMediaEditor (618)
[2019.12.29-15.09.46:131][498]LogModuleManager: Shutting down and abandoning module AndroidMediaFactory (616)
[2019.12.29-15.09.46:131][498]LogModuleManager: Shutting down and abandoning module AndroidMediaEditor (614)
[2019.12.29-15.09.46:131][498]LogModuleManager: Shutting down and abandoning module MagicLeapMediaCodecFactory (612)
[2019.12.29-15.09.46:131][498]LogModuleManager: Shutting down and abandoning module MagicLeapMediaFactory (610)
[2019.12.29-15.09.46:131][498]LogModuleManager: Shutting down and abandoning module MagicLeapMediaEditor (608)
[2019.12.29-15.09.46:131][498]LogModuleManager: Shutting down and abandoning module CharacterAI (606)
[2019.12.29-15.09.46:131][498]LogModuleManager: Shutting down and abandoning module SmartSnapping (604)
[2019.12.29-15.09.46:131][498]LogModuleManager: Shutting down and abandoning module SessionServices (602)
[2019.12.29-15.09.46:131][498]LogModuleManager: Shutting down and abandoning module MeshPaint (600)
[2019.12.29-15.09.46:169][498]LogModuleManager: Shutting down and abandoning module ViewportSnapping (598)
[2019.12.29-15.09.46:170][498]LogModuleManager: Shutting down and abandoning module ViewportInteraction (596)
[2019.12.29-15.09.46:170][498]LogModuleManager: Shutting down and abandoning module ClothPainter (594)
[2019.12.29-15.09.46:320][498]LogModuleManager: Shutting down and abandoning module SkeletalMeshEditor (593)
[2019.12.29-15.09.46:430][498]LogModuleManager: Shutting down and abandoning module LogVisualizer (590)
[2019.12.29-15.09.46:595][498]LogModuleManager: Shutting down and abandoning module IntroTutorials (588)
[2019.12.29-15.09.46:723][498]LogModuleManager: Shutting down and abandoning module GameProjectGeneration (587)
[2019.12.29-15.09.46:723][498]LogModuleManager: Shutting down and abandoning module LuminPlatformEditor (584)
[2019.12.29-15.09.46:723][498]LogModuleManager: Shutting down and abandoning module IOSPlatformEditor (582)
[2019.12.29-15.09.46:769][498]LogModuleManager: Shutting down and abandoning module AndroidPlatformEditor (580)
[2019.12.29-15.09.46:786][498]LogModuleManager: Shutting down and abandoning module AndroidDeviceDetection (579)
[2019.12.29-15.09.47:133][498]LogModuleManager: Shutting down and abandoning module WindowsPlatformEditor (576)
[2019.12.29-15.09.47:133][498]LogModuleManager: Shutting down and abandoning module LuminRuntimeSettings (574)
[2019.12.29-15.09.47:133][498]LogModuleManager: Shutting down and abandoning module IOSRuntimeSettings (572)
[2019.12.29-15.09.47:134][498]LogModuleManager: Shutting down and abandoning module AndroidRuntimeSettings (570)
[2019.12.29-15.09.47:134][498]LogModuleManager: Shutting down and abandoning module EditorInteractiveToolsFramework (568)
[2019.12.29-15.09.47:134][498]LogModuleManager: Shutting down and abandoning module TimeManagementEditor (566)
[2019.12.29-15.09.47:134][498]LogModuleManager: Shutting down and abandoning module InputBindingEditor (564)
[2019.12.29-15.09.47:167][498]LogModuleManager: Shutting down and abandoning module MergeActors (562)
[2019.12.29-15.09.47:200][498]LogModuleManager: Shutting down and abandoning module LocalizationDashboard (560)
[2019.12.29-15.09.47:231][498]LogModuleManager: Shutting down and abandoning module LocalizationService (559)
[2019.12.29-15.09.47:250][498]LogModuleManager: Shutting down and abandoning module HardwareTargeting (556)
[2019.12.29-15.09.47:251][498]LogModuleManager: Shutting down and abandoning module DeviceProfileEditor (554)
[2019.12.29-15.09.47:251][498]LogModuleManager: Shutting down and abandoning module UndoHistory (552)
[2019.12.29-15.09.47:278][498]LogModuleManager: Shutting down and abandoning module XmlParser (550)
[2019.12.29-15.09.47:299][498]LogModuleManager: Shutting down and abandoning module Blutility (548)
[2019.12.29-15.09.47:299][498]LogModuleManager: Shutting down and abandoning module ProjectSettingsViewer (546)
[2019.12.29-15.09.47:299][498]LogModuleManager: Shutting down and abandoning module ProjectTargetPlatformEditor (545)
[2019.12.29-15.09.47:299][498]LogModuleManager: Shutting down and abandoning module EditorSettingsViewer (542)
[2019.12.29-15.09.47:299][498]LogModuleManager: Shutting down and abandoning module SettingsEditor (540)
[2019.12.29-15.09.47:411][498]LogModuleManager: Shutting down and abandoning module ProjectLauncher (538)
[2019.12.29-15.09.47:505][498]LogModuleManager: Shutting down and abandoning module SessionFrontend (536)
[2019.12.29-15.09.47:529][498]LogModuleManager: Shutting down and abandoning module ProfilerClient (534)
[2019.12.29-15.09.47:550][498]LogModuleManager: Shutting down and abandoning module DeviceManager (532)
[2019.12.29-15.09.47:603][498]LogModuleManager: Shutting down and abandoning module TargetDeviceServices (531)
[2019.12.29-15.09.47:636][498]LogModuleManager: Shutting down and abandoning module AutomationController (528)
[2019.12.29-15.09.47:673][498]LogModuleManager: Shutting down and abandoning module AutomationWindow (526)
[2019.12.29-15.09.47:694][498]LogModuleManager: Shutting down and abandoning module Layers (524)
[2019.12.29-15.09.47:805][498]LogModuleManager: Shutting down and abandoning module ComponentVisualizers (522)
[2019.12.29-15.09.47:805][498]LogModuleManager: Shutting down and abandoning module DetailCustomizations (520)
[2019.12.29-15.09.47:849][498]LogModuleManager: Shutting down and abandoning module PackagesDialog (518)
[2019.12.29-15.09.47:894][498]LogModuleManager: Shutting down and abandoning module AnimationBlueprintEditor (516)
[2019.12.29-15.09.48:025][498]LogModuleManager: Shutting down and abandoning module Persona (514)
[2019.12.29-15.09.48:115][498]LogModuleManager: Shutting down and abandoning module AdvancedPreviewScene (513)
[2019.12.29-15.09.48:115][498]LogModuleManager: Shutting down and abandoning module AnimGraph (511)
[2019.12.29-15.09.48:194][498]LogModuleManager: Shutting down and abandoning module Kismet (508)
[2019.12.29-15.09.48:312][498]LogModuleManager: Shutting down and abandoning module KismetWidgets (507)
[2019.12.29-15.09.48:334][498]LogModuleManager: Shutting down and abandoning module GraphEditor (504)
[2019.12.29-15.09.48:573][498]LogModuleManager: Shutting down and abandoning module StructViewer (502)
[2019.12.29-15.09.48:573][498]LogModuleManager: Shutting down and abandoning module ClassViewer (500)
[2019.12.29-15.09.48:573][498]LogModuleManager: Shutting down and abandoning module Toolbox (498)
[2019.12.29-15.09.48:573][498]LogModuleManager: Shutting down and abandoning module ModuleUI (496)
[2019.12.29-15.09.48:604][498]LogModuleManager: Shutting down and abandoning module OutputLog (494)
[2019.12.29-15.09.48:674][498]LogModuleManager: Shutting down and abandoning module GammaUI (492)
[2019.12.29-15.09.48:689][498]LogModuleManager: Shutting down and abandoning module Documentation (490)
[2019.12.29-15.09.48:689][498]LogModuleManager: Shutting down and abandoning module ToolMenus (488)
[2019.12.29-15.09.48:689][498]LogModuleManager: Shutting down and abandoning module LiveCoding (486)
[2019.12.29-15.09.48:815][498]LogModuleManager: Shutting down and abandoning module LevelSequence (484)
[2019.12.29-15.09.48:815][498]LogModuleManager: Shutting down and abandoning module MovieSceneTracks (482)
[2019.12.29-15.09.48:815][498]LogModuleManager: Shutting down and abandoning module MovieScene (480)
[2019.12.29-15.09.48:866][498]LogModuleManager: Shutting down and abandoning module StreamingPauseRendering (478)
[2019.12.29-15.09.48:886][498]LogModuleManager: Shutting down and abandoning module LauncherPlatform (476)
[2019.12.29-15.09.48:886][498]LogModuleManager: Shutting down and abandoning module AnalyticsET (474)
[2019.12.29-15.09.48:886][498]LogModuleManager: Shutting down and abandoning module PortalServices (472)
[2019.12.29-15.09.48:886][498]LogModuleManager: Shutting down and abandoning module PortalRpc (470)
[2019.12.29-15.09.48:886][498]LogModuleManager: Shutting down and abandoning module MessagingRpc (468)
[2019.12.29-15.09.48:886][498]LogModuleManager: Shutting down and abandoning module AudioMixerXAudio2 (466)
[2019.12.29-15.09.48:886][498]LogModuleManager: Shutting down and abandoning module AIModule (464)
[2019.12.29-15.09.48:898][498]LogModuleManager: Shutting down and abandoning module GameplayDebugger (463)
[2019.12.29-15.09.48:898][498]LogModuleManager: Shutting down and abandoning module AITestSuite (461)
[2019.12.29-15.09.48:898][498]LogModuleManager: Shutting down and abandoning module NavigationSystem (459)
[2019.12.29-15.09.48:898][498]LogModuleManager: Shutting down and abandoning module ImageWriteQueue (456)
[2019.12.29-15.09.48:901][498]LogModuleManager: Shutting down and abandoning module ProfilerService (454)
[2019.12.29-15.09.49:061][498]LogModuleManager: Shutting down and abandoning module TaskGraph (452)
[2019.12.29-15.09.49:202][498]LogModuleManager: Shutting down and abandoning module ScreenshotTools (450)
[2019.12.29-15.09.49:202][498]LogModuleManager: Shutting down and abandoning module ProceduralMeshComponentEditor (448)
[2019.12.29-15.09.49:202][498]LogModuleManager: Shutting down and abandoning module ProceduralMeshComponent (446)
[2019.12.29-15.09.49:202][498]LogModuleManager: Shutting down and abandoning module OculusEditor (444)
[2019.12.29-15.09.49:263][498]LogModuleManager: Shutting down and abandoning module OculusInput (442)
[2019.12.29-15.09.49:263][498]LogModuleManager: Shutting down and abandoning module MobilePatchingUtils (440)
[2019.12.29-15.09.49:263][498]LogModuleManager: Shutting down and abandoning module EditableMesh (438)
[2019.12.29-15.09.49:312][498]LogModuleManager: Shutting down and abandoning module CustomMeshComponent (436)
[2019.12.29-15.09.49:312][498]LogModuleManager: Shutting down and abandoning module CableComponent (434)
[2019.12.29-15.09.49:312][498]LogModuleManager: Shutting down and abandoning module AudioCapture (432)
[2019.12.29-15.09.49:312][498]LogModuleManager: Shutting down and abandoning module AudioCaptureRtAudio (431)
[2019.12.29-15.09.49:312][498]LogModuleManager: Shutting down and abandoning module AssetTags (428)
[2019.12.29-15.09.49:312][498]LogModuleManager: Shutting down and abandoning module ArchVisCharacter (426)
[2019.12.29-15.09.49:312][498]LogModuleManager: Shutting down and abandoning module AppleImageUtilsBlueprintSupport (424)
[2019.12.29-15.09.49:312][498]LogModuleManager: Shutting down and abandoning module AppleImageUtils (422)
[2019.12.29-15.09.49:312][498]LogModuleManager: Shutting down and abandoning module AndroidPermission (420)
[2019.12.29-15.09.49:312][498]LogModuleManager: Shutting down and abandoning module NUTUnrealEngine4 (418)
[2019.12.29-15.09.49:347][498]LogModuleManager: Shutting down and abandoning module NetcodeUnitTest (416)
[2019.12.29-15.09.49:452][498]LogModuleManager: Shutting down and abandoning module MediaCompositing (414)
[2019.12.29-15.09.49:453][498]LogModuleManager: Shutting down and abandoning module ImgMedia (412)
[2019.12.29-15.09.49:453][498]LogModuleManager: Shutting down and abandoning module MagicLeapHelperVulkan (410)
[2019.12.29-15.09.49:453][498]LogModuleManager: Shutting down and abandoning module MagicLeapHelperOpenGL (408)
[2019.12.29-15.09.49:453][498]LogModuleManager: Shutting down and abandoning module MagicLeapAudio (406)
[2019.12.29-15.09.49:453][498]LogModuleManager: Shutting down and abandoning module GeometryCacheTracks (404)
[2019.12.29-15.09.49:453][498]LogModuleManager: Shutting down and abandoning module GeometryCacheSequencer (402)
[2019.12.29-15.09.49:453][498]LogModuleManager: Shutting down and abandoning module BackChannel (400)
[2019.12.29-15.09.49:474][498]LogModuleManager: Shutting down and abandoning module AutomationUtilsEditor (398)
[2019.12.29-15.09.49:474][498]LogModuleManager: Shutting down and abandoning module AutomationUtils (396)
[2019.12.29-15.09.49:474][498]LogModuleManager: Shutting down and abandoning module AlembicImporter (394)
[2019.12.29-15.09.49:492][498]LogModuleManager: Shutting down and abandoning module AlembicLibrary (393)
[2019.12.29-15.09.49:513][498]LogModuleManager: Shutting down and abandoning module GeometryCache (392)
[2019.12.29-15.09.49:513][498]LogModuleManager: Shutting down and abandoning module GeometryCacheEd (391)
[2019.12.29-15.09.49:513][498]LogModuleManager: Shutting down and abandoning module VariantManagerContentEditor (386)
[2019.12.29-15.09.49:558][498]LogModuleManager: Shutting down and abandoning module DatasmithContentEditor (384)
[2019.12.29-15.09.49:598][498]LogModuleManager: Shutting down and abandoning module SpeedTreeImporter (382)
[2019.12.29-15.09.49:598][498]LogModuleManager: Shutting down and abandoning module PluginBrowser (380)
[2019.12.29-15.09.49:696][498]LogModuleManager: Shutting down and abandoning module MobileLauncherProfileWizard (378)
[2019.12.29-15.09.49:748][498]LogModuleManager: Shutting down and abandoning module MaterialAnalyzer (376)
[2019.12.29-15.09.49:793][498]LogModuleManager: Shutting down and abandoning module CurveEditorTools (374)
[2019.12.29-15.09.49:892][498]LogModuleManager: Shutting down and abandoning module CryptoKeysOpenSSL (372)
[2019.12.29-15.09.49:892][498]LogModuleManager: Shutting down and abandoning module CryptoKeys (370)
[2019.12.29-15.09.49:892][498]LogModuleManager: Shutting down and abandoning module VisualStudioSourceCodeAccess (368)
[2019.12.29-15.09.49:911][498]LogModuleManager: Shutting down and abandoning module VisualStudioCodeSourceCodeAccess (366)
[2019.12.29-15.09.49:911][498]LogModuleManager: Shutting down and abandoning module UObjectPlugin (364)
[2019.12.29-15.09.49:911][498]LogModuleManager: Shutting down and abandoning module SubversionSourceControl (362)
[2019.12.29-15.09.49:977][498]LogModuleManager: Shutting down and abandoning module PlasticSourceControl (360)
[2019.12.29-15.09.50:056][498]LogModuleManager: Shutting down and abandoning module PerforceSourceControl (358)
[2019.12.29-15.09.50:193][498]LogModuleManager: Shutting down and abandoning module GitSourceControl (356)
[2019.12.29-15.09.50:301][498]LogModuleManager: Shutting down and abandoning module SourceControl (355)
[2019.12.29-15.09.50:332][498]LogModuleManager: Shutting down and abandoning module CLionSourceCodeAccess (352)
[2019.12.29-15.09.50:365][498]LogModuleManager: Shutting down and abandoning module AnimationSharingEd (350)
[2019.12.29-15.09.50:365][498]LogModuleManager: Shutting down and abandoning module ActorLayerUtilitiesEditor (348)
[2019.12.29-15.09.50:365][498]LogModuleManager: Shutting down and abandoning module ActorLayerUtilities (346)
[2019.12.29-15.09.50:365][498]LogModuleManager: Shutting down and abandoning module LightPropagationVolumeEditor (344)
[2019.12.29-15.09.50:365][498]LogModuleManager: Shutting down and abandoning module PaperTiledImporter (342)
[2019.12.29-15.09.50:365][498]LogModuleManager: Shutting down and abandoning module PaperSpriteSheetImporter (340)
[2019.12.29-15.09.50:365][498]LogModuleManager: Shutting down and abandoning module Paper2DEditor (338)
[2019.12.29-15.09.50:522][498]LogModuleManager: Shutting down and abandoning module SignificanceManager (336)
[2019.12.29-15.09.50:522][498]LogModuleManager: Shutting down and abandoning module RuntimePhysXCooking (334)
[2019.12.29-15.09.50:522][498]LogModuleManager: Shutting down and abandoning module PhysXVehiclesEditor (332)
[2019.12.29-15.09.50:522][498]LogModuleManager: Shutting down and abandoning module LocationServicesBPLibrary (328)
[2019.12.29-15.09.50:522][498]LogModuleManager: Shutting down and abandoning module ActorSequence (326)
[2019.12.29-15.09.50:522][498]LogModuleManager: Shutting down and abandoning module UdpMessaging (324)
[2019.12.29-15.09.50:623][498]LogModuleManager: Shutting down and abandoning module TcpMessaging (322)
[2019.12.29-15.09.50:811][498]LogModuleManager: Shutting down and abandoning module MagicLeapPrivileges (320)
[2019.12.29-15.09.50:866][498]LogModuleManager: Shutting down and abandoning module MagicLeapPlanes (318)
[2019.12.29-15.09.50:928][498]LogMagicLeapPlanes: Planes tracker already destroyed.
[2019.12.29-15.09.50:928][498]LogModuleManager: Shutting down and abandoning module MagicLeapIdentity (316)
[2019.12.29-15.09.50:928][498]LogModuleManager: Shutting down and abandoning module MagicLeapSecureStorage (314)
[2019.12.29-15.09.50:928][498]LogModuleManager: Shutting down and abandoning module MagicLeapImageTracker (312)
[2019.12.29-15.09.50:928][498]LogModuleManager: Shutting down and abandoning module MagicLeapHandTracking (310)
[2019.12.29-15.09.50:928][498]LogModuleManager: Shutting down and abandoning module MagicLeapHandMeshing (308)
[2019.12.29-15.09.50:998][498]LogModuleManager: Shutting down and abandoning module MagicLeapEyeTracker (306)
[2019.12.29-15.09.50:998][498]LogModuleManager: Shutting down and abandoning module MagicLeapController (304)
[2019.12.29-15.09.51:039][498]LogSlate: Slate User Destroyed.  User Index 0, Is Virtual User: 0
[2019.12.29-15.09.51:039][498]LogModuleManager: Shutting down and abandoning module MagicLeapARPin (302)
[2019.12.29-15.09.51:039][498]LogModuleManager: Shutting down and abandoning module MagicLeapAR (300)
[2019.12.29-15.09.51:039][498]LogModuleManager: Shutting down and abandoning module AugmentedReality (299)
[2019.12.29-15.09.51:039][498]LogModuleManager: Shutting down and abandoning module GameplayTagsEditor (296)
[2019.12.29-15.09.51:070][498]LogModuleManager: Shutting down and abandoning module FacialAnimationEditor (294)
[2019.12.29-15.09.51:070][498]LogModuleManager: Shutting down and abandoning module FacialAnimation (292)
[2019.12.29-15.09.51:070][498]LogModuleManager: Shutting down and abandoning module DataValidation (290)
[2019.12.29-15.09.51:070][498]LogModuleManager: Shutting down and abandoning module AssetManagerEditor (288)
[2019.12.29-15.09.51:122][498]LogModuleManager: Shutting down and abandoning module LevelEditor (287)
[2019.12.29-15.09.51:189][498]LogModuleManager: Shutting down and abandoning module PixelInspectorModule (286)
[2019.12.29-15.09.51:259][498]LogModuleManager: Shutting down and abandoning module CommonMenuExtensions (284)
[2019.12.29-15.09.51:260][498]LogModuleManager: Shutting down and abandoning module MainFrame (282)
[2019.12.29-15.09.51:260][498]LogModuleManager: Shutting down and abandoning module HotReload (281)
[2019.12.29-15.09.51:337][498]LogModuleManager: Shutting down and abandoning module ContentBrowser (277)
[2019.12.29-15.09.51:357][498]LogModuleManager: Shutting down and abandoning module TreeMap (275)
[2019.12.29-15.09.51:402][498]LogModuleManager: Shutting down and abandoning module AnimationSharing (272)
[2019.12.29-15.09.51:402][498]LogModuleManager: Shutting down and abandoning module LightPropagationVolumeRuntime (270)
[2019.12.29-15.09.51:402][498]LogModuleManager: Shutting down and abandoning module Paper2D (268)
[2019.12.29-15.09.51:437][498]LogModuleManager: Shutting down and abandoning module WindowsMoviePlayer (266)
[2019.12.29-15.09.51:482][498]LogModuleManager: Shutting down and abandoning module WebMMoviePlayer (264)
[2019.12.29-15.09.51:518][498]LogModuleManager: Shutting down and abandoning module NetworkReplayStreaming (262)
[2019.12.29-15.09.51:518][498]LogModuleManager: Shutting down and abandoning module PacketHandler (260)
[2019.12.29-15.09.51:518][498]LogModuleManager: Shutting down and abandoning module ClothingSystemEditor (258)
[2019.12.29-15.09.51:518][498]LogModuleManager: Shutting down and abandoning module ClothingSystemRuntimeNv (256)
[2019.12.29-15.09.51:586][498]LogModuleManager: Shutting down and abandoning module MediaAssets (254)
[2019.12.29-15.09.51:586][498]LogModuleManager: Shutting down and abandoning module Overlay (252)
[2019.12.29-15.09.51:586][498]LogModuleManager: Shutting down and abandoning module OverlayEditor (251)
[2019.12.29-15.09.51:586][498]LogModuleManager: Shutting down and abandoning module VREditor (248)
[2019.12.29-15.09.51:658][498]LogModuleManager: Shutting down and abandoning module StringTableEditor (246)
[2019.12.29-15.09.51:719][498]LogModuleManager: Shutting down and abandoning module GameplayTasksEditor (244)
[2019.12.29-15.09.51:792][498]LogModuleManager: Shutting down and abandoning module BehaviorTreeEditor (242)
[2019.12.29-15.09.51:887][498]LogModuleManager: Shutting down and abandoning module FunctionalTesting (240)
[2019.12.29-15.09.51:921][498]LogModuleManager: Shutting down and abandoning module CollisionAnalyzer (238)
[2019.12.29-15.09.51:960][498]LogModuleManager: Shutting down and abandoning module WorkspaceMenuStructure (237)
[2019.12.29-15.09.51:990][498]LogModuleManager: Shutting down and abandoning module UMG (234)
[2019.12.29-15.09.52:026][498]LogModuleManager: Shutting down and abandoning module UMGEditor (233)
[2019.12.29-15.09.52:144][498]LogModuleManager: Shutting down and abandoning module MessageLog (231)
[2019.12.29-15.09.52:144][498]LogModuleManager: Shutting down and abandoning module SlateReflector (226)
[2019.12.29-15.09.52:251][498]LogModuleManager: Shutting down and abandoning module Slate (224)
[2019.12.29-15.09.52:251][498]LogModuleManager: Shutting down and abandoning module SlateCore (222)
[2019.12.29-15.09.52:251][498]LogModuleManager: Shutting down and abandoning module LandscapeEditorUtilities (220)
[2019.12.29-15.09.52:251][498]LogModuleManager: Shutting down and abandoning module UnrealEd (218)
[2019.12.29-15.09.52:366][498]LogModuleManager: Shutting down and abandoning module MRMesh (216)
[2019.12.29-15.09.52:366][498]LogModuleManager: Shutting down and abandoning module SourceCodeAccess (214)
[2019.12.29-15.09.52:366][498]LogModuleManager: Shutting down and abandoning module HeadMountedDisplay (212)
[2019.12.29-15.09.52:446][498]LogModuleManager: Shutting down and abandoning module XAudio2 (210)
[2019.12.29-15.09.52:465][498]LogModuleManager: Shutting down and abandoning module Networking (208)
[2019.12.29-15.09.52:465][498]LogModuleManager: Shutting down and abandoning module Core (206)
[2019.12.29-15.09.52:465][498]LogModuleManager: Shutting down and abandoning module MovieSceneTools (204)
[2019.12.29-15.09.52:594][498]LogModuleManager: Shutting down and abandoning module CurveEditor (203)
[2019.12.29-15.09.52:768][498]LogModuleManager: Shutting down and abandoning module Sequencer (201)
[2019.12.29-15.09.54:716][498]LogModuleManager: Shutting down and abandoning module EditorStyle (200)
[2019.12.29-15.09.54:718][498]LogModuleManager: Shutting down and abandoning module KismetCompiler (196)
[2019.12.29-15.09.54:718][498]LogModuleManager: Shutting down and abandoning module MeshUtilities (194)
[2019.12.29-15.09.54:777][498]LogModuleManager: Shutting down and abandoning module MeshMergeUtilities (193)
[2019.12.29-15.09.54:854][498]LogModuleManager: Shutting down and abandoning module MeshReductionInterface (192)
[2019.12.29-15.09.54:854][498]LogModuleManager: Shutting down and abandoning module MeshBoneReduction (191)
[2019.12.29-15.09.54:887][498]LogModuleManager: Shutting down and abandoning module SkeletalMeshReduction (189)
[2019.12.29-15.09.54:944][498]LogModuleManager: Shutting down and abandoning module ProxyLODMeshReduction (187)
[2019.12.29-15.09.55:044][498]LogModuleManager: Shutting down and abandoning module QuadricMeshReduction (185)
[2019.12.29-15.09.55:067][498]LogModuleManager: Shutting down and abandoning module MaterialBaking (181)
[2019.12.29-15.09.55:153][498]LogModuleManager: Shutting down and abandoning module NullInstallBundleManager (176)
[2019.12.29-15.09.55:153][498]LogModuleManager: Shutting down and abandoning module DerivedDataCache (174)
[2019.12.29-15.09.55:153][498]LogDerivedDataCache: Shutdown
[2019.12.29-15.09.55:153][498]LogModuleManager: Shutting down and abandoning module XGEController (172)
[2019.12.29-15.09.55:153][498]LogModuleManager: Shutting down and abandoning module TargetPlatform (170)
[2019.12.29-15.09.55:153][498]LogModuleManager: Shutting down and abandoning module VulkanShaderFormat (169)
[2019.12.29-15.09.55:188][498]LogModuleManager: Shutting down and abandoning module ShaderFormatVectorVM (167)
[2019.12.29-15.09.55:212][498]LogModuleManager: Shutting down and abandoning module ShaderFormatOpenGL (165)
[2019.12.29-15.09.55:238][498]LogModuleManager: Shutting down and abandoning module ShaderFormatD3D (163)
[2019.12.29-15.09.55:238][498]LogModuleManager: Shutting down and abandoning module MetalShaderFormat (161)
[2019.12.29-15.09.55:298][498]LogModuleManager: Shutting down and abandoning module TextureFormatUncompressed (159)
[2019.12.29-15.09.55:298][498]LogModuleManager: Shutting down and abandoning module TextureFormatPVR (157)
[2019.12.29-15.09.55:298][498]LogModuleManager: Shutting down and abandoning module TextureFormatDXT (155)
[2019.12.29-15.09.55:330][498]LogModuleManager: Shutting down and abandoning module TextureFormatIntelISPCTexComp (153)
[2019.12.29-15.09.55:363][498]LogModuleManager: Shutting down and abandoning module TextureFormatASTC (151)
[2019.12.29-15.09.55:363][498]LogModuleManager: Shutting down and abandoning module ImageWrapper (150)
[2019.12.29-15.09.55:363][498]LogModuleManager: Shutting down and abandoning module TextureFormatAndroid (147)
[2019.12.29-15.09.55:363][498]LogModuleManager: Shutting down and abandoning module AudioFormatOpus (145)
[2019.12.29-15.09.55:398][498]LogModuleManager: Shutting down and abandoning module AudioFormatOgg (143)
[2019.12.29-15.09.55:398][498]LogModuleManager: Shutting down and abandoning module AudioFormatADPCM (141)
[2019.12.29-15.09.55:406][498]LogModuleManager: Shutting down and abandoning module WindowsServerTargetPlatform (139)
[2019.12.29-15.09.55:406][498]LogModuleManager: Shutting down and abandoning module WindowsClientTargetPlatform (137)
[2019.12.29-15.09.55:406][498]LogModuleManager: Shutting down and abandoning module WindowsTargetPlatform (135)
[2019.12.29-15.09.55:406][498]LogModuleManager: Shutting down and abandoning module WindowsNoEditorTargetPlatform (133)
[2019.12.29-15.09.55:406][498]LogModuleManager: Shutting down and abandoning module TVOSTargetPlatform (131)
[2019.12.29-15.09.55:432][498]LogModuleManager: Shutting down and abandoning module LuminTargetPlatform (129)
[2019.12.29-15.09.55:466][498]LogModuleManager: Shutting down and abandoning module LinuxAArch64ServerTargetPlatform (127)
[2019.12.29-15.09.55:466][498]LogModuleManager: Shutting down and abandoning module LinuxAArch64ClientTargetPlatform (125)
[2019.12.29-15.09.55:489][498]LogModuleManager: Shutting down and abandoning module LinuxAArch64NoEditorTargetPlatform (123)
[2019.12.29-15.09.55:491][498]LogModuleManager: Shutting down and abandoning module LinuxServerTargetPlatform (121)
[2019.12.29-15.09.55:491][498]LogModuleManager: Shutting down and abandoning module LinuxClientTargetPlatform (119)
[2019.12.29-15.09.55:518][498]LogModuleManager: Shutting down and abandoning module LinuxNoEditorTargetPlatform (117)
[2019.12.29-15.09.55:555][498]LogModuleManager: Shutting down and abandoning module Messaging (115)
[2019.12.29-15.09.55:555][498]LogModuleManager: Shutting down and abandoning module IOSTargetPlatform (113)
[2019.12.29-15.09.55:555][498]LogModuleManager: Shutting down and abandoning module AndroidTargetPlatform (111)
[2019.12.29-15.09.55:562][498]LogModuleManager: Shutting down and abandoning module AllDesktopTargetPlatform (109)
[2019.12.29-15.09.55:562][498]LogModuleManager: Shutting down and abandoning module InputCore (106)
[2019.12.29-15.09.55:562][498]LogModuleManager: Shutting down and abandoning module Settings (104)
[2019.12.29-15.09.55:562][498]LogModuleManager: Shutting down and abandoning module DirectoryWatcher (102)
[2019.12.29-15.09.55:562][498]LogModuleManager: Shutting down and abandoning module PhysXCooking (100)
[2019.12.29-15.09.55:562][498]LogModuleManager: Shutting down and abandoning module ChaosSolvers (98)
[2019.12.29-15.09.55:642][498]LogModuleManager: Shutting down and abandoning module FieldSystemEngine (97)
[2019.12.29-15.09.55:642][498]LogModuleManager: Shutting down and abandoning module Chaos (94)
[2019.12.29-15.09.55:642][498]LogModuleManager: Shutting down and abandoning module WindowsPlatformFeatures (92)
[2019.12.29-15.09.55:642][498]LogModuleManager: Shutting down and abandoning module GameplayMediaEncoder (91)
[2019.12.29-15.09.55:685][498]LogModuleManager: Shutting down and abandoning module SteamVRInputDevice (88)
[2019.12.29-15.09.55:685][498]LogModuleManager: Shutting down and abandoning module SteamVRInput (86)
[2019.12.29-15.09.55:685][498]LogModuleManager: Shutting down and abandoning module SteamVR (84)
[2019.12.29-15.09.55:730][498]LogHMD: Freeing OpenVRDLLHandle.
[2019.12.29-15.09.55:730][498]LogModuleManager: Shutting down and abandoning module OculusHMD (82)
[2019.12.29-15.09.55:786][498]LogModuleManager: Shutting down and abandoning module ExampleDeviceProfileSelector (80)
[2019.12.29-15.09.55:786][498]LogModuleManager: Shutting down and abandoning module LauncherChunkInstaller (78)
[2019.12.29-15.09.55:786][498]LogModuleManager: Shutting down and abandoning module OnlineBlueprintSupport (76)
[2019.12.29-15.09.55:787][498]LogModuleManager: Shutting down and abandoning module OnlineSubsystem (72)
[2019.12.29-15.09.55:917][498]LogModuleManager: Shutting down and abandoning module XMPP (67)
[2019.12.29-15.09.55:946][498]LogModuleManager: Shutting down and abandoning module WebSockets (66)
[2019.12.29-15.09.56:179][498]LogModuleManager: Shutting down and abandoning module HTTP (63)
[2019.12.29-15.09.56:179][498]LogHttp: Display: Http module shutting down, but needs to wait on 1 outstanding Http requests:
[2019.12.29-15.09.56:179][498]LogHttp: Display: 	verb=[POST] url=[https://datarouter.ol.epicgames.com/datarouter/api/v1/public/data?SessionID=%7BB1469746-4FE6-9D84-2998-0A9C0058281A%7D&AppID=UEEditor.Rocket.Release&AppVersion=4.24.1-10757647%2B%2B%2BUE4%2BRelease-4.24&UserID=50cd53f84940d7fe0802e38eadab6890%7C844f6f4c2fde4759982d8e333d137105%7C61db6cd2-7312-474e-bc48-c206446ae7ca&AppEnvironment=datacollector-binary&UploadType=eteventstream] refs=[1] status=Processing
[2019.12.29-15.09.56:202][498]LogModuleManager: Shutting down and abandoning module SSL (62)
[2019.12.29-15.09.56:203][498]LogModuleManager: Shutting down and abandoning module WmfMedia (58)
[2019.12.29-15.09.56:219][498]LogModuleManager: Shutting down and abandoning module Media (57)
[2019.12.29-15.09.56:220][498]LogModuleManager: Shutting down and abandoning module MagicLeap (54)
[2019.12.29-15.09.56:220][498]LogModuleManager: Shutting down and abandoning module VariantManagerContent (52)
[2019.12.29-15.09.56:220][498]LogModuleManager: Shutting down and abandoning module DatasmithContent (50)
[2019.12.29-15.09.56:221][498]LogModuleManager: Shutting down and abandoning module AISupportModule (48)
[2019.12.29-15.09.56:221][498]LogModuleManager: Shutting down and abandoning module DesktopPlatform (46)
[2019.12.29-15.09.56:221][498]LogModuleManager: Shutting down and abandoning module PlatformCryptoOpenSSL (44)
[2019.12.29-15.09.56:253][498]LogModuleManager: Shutting down and abandoning module PlatformCryptoTypes (42)
[2019.12.29-15.09.56:253][498]LogModuleManager: Shutting down and abandoning module PlatformCrypto (40)
[2019.12.29-15.09.56:253][498]LogModuleManager: Shutting down and abandoning module AnimationModifiers (38)
[2019.12.29-15.09.56:277][498]LogModuleManager: Shutting down and abandoning module PropertyEditor (37)
[2019.12.29-15.09.56:284][498]LogModuleManager: Shutting down and abandoning module AudioEditor (34)
[2019.12.29-15.09.56:363][498]LogModuleManager: Shutting down and abandoning module TextureCompressor (32)
[2019.12.29-15.09.56:476][498]LogModuleManager: Shutting down and abandoning module RenderCore (30)
[2019.12.29-15.09.56:476][498]LogModuleManager: Shutting down and abandoning module Landscape (28)
[2019.12.29-15.09.56:476][498]LogModuleManager: Shutting down and abandoning module SlateRHIRenderer (26)
[2019.12.29-15.09.56:559][498]LogModuleManager: Shutting down and abandoning module OpenGLDrv (24)
[2019.12.29-15.09.56:629][498]LogModuleManager: Shutting down and abandoning module D3D11RHI (22)
[2019.12.29-15.09.56:629][498]LogModuleManager: Shutting down and abandoning module AnimGraphRuntime (20)
[2019.12.29-15.09.56:655][498]LogModuleManager: Shutting down and abandoning module Renderer (18)
[2019.12.29-15.09.56:786][498]LogModuleManager: Shutting down and abandoning module Engine (16)
[2019.12.29-15.09.56:786][498]LogModuleManager: Shutting down and abandoning module CoreUObject (14)
[2019.12.29-15.09.56:786][498]LogModuleManager: Shutting down and abandoning module NetworkFile (12)
[2019.12.29-15.09.56:834][498]LogModuleManager: Shutting down and abandoning module CookedIterativeFile (10)
[2019.12.29-15.09.56:834][498]LogModuleManager: Shutting down and abandoning module StreamingFile (8)
[2019.12.29-15.09.56:857][498]LogModuleManager: Shutting down and abandoning module SandboxFile (6)
[2019.12.29-15.09.56:878][498]LogModuleManager: Shutting down and abandoning module PakFile (4)
[2019.12.29-15.09.56:878][498]LogModuleManager: Shutting down and abandoning module RSA (3)
[2019.12.29-15.09.56:878][498]LogD3D11RHI: Shutdown
[2019.12.29-15.09.56:878][498]LogD3D11RHI: CleanupD3DDevice
[2019.12.29-15.09.57:086][498]LogExit: Exiting.
[2019.12.29-15.09.57:108][498]Log file closed, 12/29/19 18:09:57
